[ 2015-12-16T02:10:15+08:00 ] 54.153.32.246 /
INFO: [ app_init ] --START--
INFO: Run Behavior\BuildLiteBehavior [ RunTime:0.000010s ]
INFO: [ app_init ] --END-- [ RunTime:0.000215s ]
INFO: [ app_begin ] --START--
INFO: Run Behavior\ReadHtmlCacheBehavior [ RunTime:0.000250s ]
INFO: [ app_begin ] --END-- [ RunTime:0.000275s ]
INFO: [ view_parse ] --START--
INFO: Run Behavior\ParseTemplateBehavior [ RunTime:0.000070s ]
INFO: [ view_parse ] --END-- [ RunTime:0.000095s ]
INFO: [ view_filter ] --START--
INFO: Run Behavior\WriteHtmlCacheBehavior [ RunTime:0.000080s ]
INFO: [ view_filter ] --END-- [ RunTime:0.000100s ]
SQL: SHOW COLUMNS FROM `blog_user` [ RunTime:0.0006s ]
INFO: [ view_parse ] --START--
INFO: [ template_filter ] --START--
INFO: Run Behavior\ContentReplaceBehavior [ RunTime:0.000021s ]
INFO: [ template_filter ] --END-- [ RunTime:0.000047s ]
NOTIC: [2] file_put_contents(./Apps/Runtime/Cache/Home/b4d6f8b7423df441a9a7eab332c4698a.php): failed to open stream: Permission denied /data/www/web/ThinkPHP/Library/Think/Storage/Driver/File.class.php 第 47 行.
ERR: _STORAGE_WRITE_ERROR_:./Apps/Runtime/Cache/Home/b4d6f8b7423df441a9a7eab332c4698a.php
NOTIC: [2] Cannot modify header information - headers already sent by (output started at /data/www/web/ThinkPHP/Library/Think/View.class.php:95) /data/www/web/ThinkPHP/Library/Think/Think.class.php 第 229 行.
NOTIC: [2] Cannot modify header information - headers already sent by (output started at /data/www/web/ThinkPHP/Library/Think/View.class.php:95) /data/www/web/ThinkPHP/Library/Think/Think.class.php 第 230 行.

[ 2015-12-16T03:03:24+08:00 ] 121.42.0.34 /
INFO: [ app_init ] --START--
INFO: Run Behavior\BuildLiteBehavior [ RunTime:0.000010s ]
INFO: [ app_init ] --END-- [ RunTime:0.000218s ]
INFO: [ app_begin ] --START--
INFO: Run Behavior\ReadHtmlCacheBehavior [ RunTime:0.000313s ]
INFO: [ app_begin ] --END-- [ RunTime:0.000339s ]
INFO: [ view_parse ] --START--
INFO: Run Behavior\ParseTemplateBehavior [ RunTime:0.000070s ]
INFO: [ view_parse ] --END-- [ RunTime:0.000096s ]
INFO: [ view_filter ] --START--
INFO: Run Behavior\WriteHtmlCacheBehavior [ RunTime:0.000080s ]
INFO: [ view_filter ] --END-- [ RunTime:0.000100s ]
SQL: SHOW COLUMNS FROM `blog_user` [ RunTime:0.0007s ]
INFO: [ view_parse ] --START--
INFO: [ template_filter ] --START--
INFO: Run Behavior\ContentReplaceBehavior [ RunTime:0.000019s ]
INFO: [ template_filter ] --END-- [ RunTime:0.000045s ]
NOTIC: [2] file_put_contents(./Apps/Runtime/Cache/Home/b4d6f8b7423df441a9a7eab332c4698a.php): failed to open stream: Permission denied /data/www/web/ThinkPHP/Library/Think/Storage/Driver/File.class.php 第 47 行.
ERR: _STORAGE_WRITE_ERROR_:./Apps/Runtime/Cache/Home/b4d6f8b7423df441a9a7eab332c4698a.php
NOTIC: [2] Cannot modify header information - headers already sent by (output started at /data/www/web/ThinkPHP/Library/Think/View.class.php:95) /data/www/web/ThinkPHP/Library/Think/Think.class.php 第 229 行.
NOTIC: [2] Cannot modify header information - headers already sent by (output started at /data/www/web/ThinkPHP/Library/Think/View.class.php:95) /data/www/web/ThinkPHP/Library/Think/Think.class.php 第 230 行.

[ 2015-12-16T04:12:08+08:00 ] 121.42.0.33 /
INFO: [ app_init ] --START--
INFO: Run Behavior\BuildLiteBehavior [ RunTime:0.000009s ]
INFO: [ app_init ] --END-- [ RunTime:0.000260s ]
INFO: [ app_begin ] --START--
INFO: Run Behavior\ReadHtmlCacheBehavior [ RunTime:0.000253s ]
INFO: [ app_begin ] --END-- [ RunTime:0.000278s ]
INFO: [ view_parse ] --START--
INFO: Run Behavior\ParseTemplateBehavior [ RunTime:0.000073s ]
INFO: [ view_parse ] --END-- [ RunTime:0.000140s ]
INFO: [ view_filter ] --START--
INFO: Run Behavior\WriteHtmlCacheBehavior [ RunTime:0.000081s ]
INFO: [ view_filter ] --END-- [ RunTime:0.000100s ]
SQL: SHOW COLUMNS FROM `blog_user` [ RunTime:0.0006s ]
INFO: [ view_parse ] --START--
INFO: [ template_filter ] --START--
INFO: Run Behavior\ContentReplaceBehavior [ RunTime:0.000019s ]
INFO: [ template_filter ] --END-- [ RunTime:0.000046s ]
NOTIC: [2] file_put_contents(./Apps/Runtime/Cache/Home/b4d6f8b7423df441a9a7eab332c4698a.php): failed to open stream: Permission denied /data/www/web/ThinkPHP/Library/Think/Storage/Driver/File.class.php 第 47 行.
ERR: _STORAGE_WRITE_ERROR_:./Apps/Runtime/Cache/Home/b4d6f8b7423df441a9a7eab332c4698a.php
NOTIC: [2] Cannot modify header information - headers already sent by (output started at /data/www/web/ThinkPHP/Library/Think/View.class.php:95) /data/www/web/ThinkPHP/Library/Think/Think.class.php 第 229 行.
NOTIC: [2] Cannot modify header information - headers already sent by (output started at /data/www/web/ThinkPHP/Library/Think/View.class.php:95) /data/www/web/ThinkPHP/Library/Think/Think.class.php 第 230 行.

[ 2015-12-16T04:15:37+08:00 ] 123.151.42.61 /
INFO: [ app_init ] --START--
INFO: Run Behavior\BuildLiteBehavior [ RunTime:0.000013s ]
INFO: [ app_init ] --END-- [ RunTime:0.000372s ]
INFO: [ app_begin ] --START--
INFO: Run Behavior\ReadHtmlCacheBehavior [ RunTime:0.000274s ]
INFO: [ app_begin ] --END-- [ RunTime:0.000306s ]
INFO: [ view_parse ] --START--
INFO: Run Behavior\ParseTemplateBehavior [ RunTime:0.000082s ]
INFO: [ view_parse ] --END-- [ RunTime:0.000109s ]
INFO: [ view_filter ] --START--
INFO: Run Behavior\WriteHtmlCacheBehavior [ RunTime:0.000083s ]
INFO: [ view_filter ] --END-- [ RunTime:0.000104s ]
SQL: SHOW COLUMNS FROM `blog_user` [ RunTime:0.0009s ]
INFO: [ view_parse ] --START--
INFO: [ template_filter ] --START--
INFO: Run Behavior\ContentReplaceBehavior [ RunTime:0.000023s ]
INFO: [ template_filter ] --END-- [ RunTime:0.000051s ]
NOTIC: [2] file_put_contents(./Apps/Runtime/Cache/Home/b4d6f8b7423df441a9a7eab332c4698a.php): failed to open stream: Permission denied /data/www/web/ThinkPHP/Library/Think/Storage/Driver/File.class.php 第 47 行.
ERR: _STORAGE_WRITE_ERROR_:./Apps/Runtime/Cache/Home/b4d6f8b7423df441a9a7eab332c4698a.php
NOTIC: [2] Cannot modify header information - headers already sent by (output started at /data/www/web/ThinkPHP/Library/Think/View.class.php:95) /data/www/web/ThinkPHP/Library/Think/Think.class.php 第 229 行.
NOTIC: [2] Cannot modify header information - headers already sent by (output started at /data/www/web/ThinkPHP/Library/Think/View.class.php:95) /data/www/web/ThinkPHP/Library/Think/Think.class.php 第 230 行.

[ 2015-12-16T09:17:49+08:00 ] 141.212.122.208 /
INFO: [ app_init ] --START--
INFO: Run Behavior\BuildLiteBehavior [ RunTime:0.000009s ]
INFO: [ app_init ] --END-- [ RunTime:0.000211s ]
INFO: [ app_begin ] --START--
INFO: Run Behavior\ReadHtmlCacheBehavior [ RunTime:0.000249s ]
INFO: [ app_begin ] --END-- [ RunTime:0.000275s ]
INFO: [ view_parse ] --START--
INFO: Run Behavior\ParseTemplateBehavior [ RunTime:0.000070s ]
INFO: [ view_parse ] --END-- [ RunTime:0.000095s ]
INFO: [ view_filter ] --START--
INFO: Run Behavior\WriteHtmlCacheBehavior [ RunTime:0.000080s ]
INFO: [ view_filter ] --END-- [ RunTime:0.000100s ]
SQL: SHOW COLUMNS FROM `blog_user` [ RunTime:0.0006s ]
INFO: [ view_parse ] --START--
INFO: [ template_filter ] --START--
INFO: Run Behavior\ContentReplaceBehavior [ RunTime:0.000019s ]
INFO: [ template_filter ] --END-- [ RunTime:0.000045s ]
NOTIC: [2] file_put_contents(./Apps/Runtime/Cache/Home/b4d6f8b7423df441a9a7eab332c4698a.php): failed to open stream: Permission denied /data/www/web/ThinkPHP/Library/Think/Storage/Driver/File.class.php 第 47 行.
ERR: _STORAGE_WRITE_ERROR_:./Apps/Runtime/Cache/Home/b4d6f8b7423df441a9a7eab332c4698a.php
NOTIC: [2] Cannot modify header information - headers already sent by (output started at /data/www/web/ThinkPHP/Library/Think/View.class.php:95) /data/www/web/ThinkPHP/Library/Think/Think.class.php 第 229 行.
NOTIC: [2] Cannot modify header information - headers already sent by (output started at /data/www/web/ThinkPHP/Library/Think/View.class.php:95) /data/www/web/ThinkPHP/Library/Think/Think.class.php 第 230 行.

[ 2015-12-16T11:51:44+08:00 ] 121.42.0.36 /
INFO: [ app_init ] --START--
INFO: Run Behavior\BuildLiteBehavior [ RunTime:0.000053s ]
INFO: [ app_init ] --END-- [ RunTime:0.000259s ]
INFO: [ app_begin ] --START--
INFO: Run Behavior\ReadHtmlCacheBehavior [ RunTime:0.000297s ]
INFO: [ app_begin ] --END-- [ RunTime:0.000323s ]
INFO: [ view_parse ] --START--
INFO: Run Behavior\ParseTemplateBehavior [ RunTime:0.000070s ]
INFO: [ view_parse ] --END-- [ RunTime:0.000095s ]
INFO: [ view_filter ] --START--
INFO: Run Behavior\WriteHtmlCacheBehavior [ RunTime:0.000081s ]
INFO: [ view_filter ] --END-- [ RunTime:0.000100s ]
SQL: SHOW COLUMNS FROM `blog_user` [ RunTime:0.0007s ]
INFO: [ view_parse ] --START--
INFO: [ template_filter ] --START--
INFO: Run Behavior\ContentReplaceBehavior [ RunTime:0.000059s ]
INFO: [ template_filter ] --END-- [ RunTime:0.000088s ]
NOTIC: [2] file_put_contents(./Apps/Runtime/Cache/Home/b4d6f8b7423df441a9a7eab332c4698a.php): failed to open stream: Permission denied /data/www/web/ThinkPHP/Library/Think/Storage/Driver/File.class.php 第 47 行.
ERR: _STORAGE_WRITE_ERROR_:./Apps/Runtime/Cache/Home/b4d6f8b7423df441a9a7eab332c4698a.php
NOTIC: [2] Cannot modify header information - headers already sent by (output started at /data/www/web/ThinkPHP/Library/Think/View.class.php:95) /data/www/web/ThinkPHP/Library/Think/Think.class.php 第 229 行.
NOTIC: [2] Cannot modify header information - headers already sent by (output started at /data/www/web/ThinkPHP/Library/Think/View.class.php:95) /data/www/web/ThinkPHP/Library/Think/Think.class.php 第 230 行.

[ 2015-12-16T11:51:59+08:00 ] 121.42.0.36 /.htaccess
INFO: [ app_init ] --START--
INFO: Run Behavior\BuildLiteBehavior [ RunTime:0.000009s ]
INFO: [ app_init ] --END-- [ RunTime:0.000218s ]
INFO: [ app_begin ] --START--
INFO: Run Behavior\ReadHtmlCacheBehavior [ RunTime:0.000251s ]
INFO: [ app_begin ] --END-- [ RunTime:0.000278s ]
INFO: [ view_parse ] --START--
INFO: Run Behavior\ParseTemplateBehavior [ RunTime:0.000071s ]
INFO: [ view_parse ] --END-- [ RunTime:0.000096s ]
INFO: [ view_filter ] --START--
INFO: Run Behavior\WriteHtmlCacheBehavior [ RunTime:0.000080s ]
INFO: [ view_filter ] --END-- [ RunTime:0.000100s ]
SQL: SHOW COLUMNS FROM `blog_user` [ RunTime:0.0006s ]
INFO: [ view_parse ] --START--
INFO: [ template_filter ] --START--
INFO: Run Behavior\ContentReplaceBehavior [ RunTime:0.000020s ]
INFO: [ template_filter ] --END-- [ RunTime:0.000048s ]
NOTIC: [2] file_put_contents(./Apps/Runtime/Cache/Home/b4d6f8b7423df441a9a7eab332c4698a.php): failed to open stream: Permission denied /data/www/web/ThinkPHP/Library/Think/Storage/Driver/File.class.php 第 47 行.
ERR: _STORAGE_WRITE_ERROR_:./Apps/Runtime/Cache/Home/b4d6f8b7423df441a9a7eab332c4698a.php
NOTIC: [2] Cannot modify header information - headers already sent by (output started at /data/www/web/ThinkPHP/Library/Think/View.class.php:95) /data/www/web/ThinkPHP/Library/Think/Think.class.php 第 229 行.
NOTIC: [2] Cannot modify header information - headers already sent by (output started at /data/www/web/ThinkPHP/Library/Think/View.class.php:95) /data/www/web/ThinkPHP/Library/Think/Think.class.php 第 230 行.

[ 2015-12-16T12:41:18+08:00 ] 101.200.77.100 /
INFO: [ app_init ] --START--
INFO: Run Behavior\BuildLiteBehavior [ RunTime:0.000009s ]
INFO: [ app_init ] --END-- [ RunTime:0.000212s ]
INFO: [ app_begin ] --START--
INFO: Run Behavior\ReadHtmlCacheBehavior [ RunTime:0.000250s ]
INFO: [ app_begin ] --END-- [ RunTime:0.000276s ]
INFO: [ view_parse ] --START--
INFO: Run Behavior\ParseTemplateBehavior [ RunTime:0.000070s ]
INFO: [ view_parse ] --END-- [ RunTime:0.000095s ]
INFO: [ view_filter ] --START--
INFO: Run Behavior\WriteHtmlCacheBehavior [ RunTime:0.000125s ]
INFO: [ view_filter ] --END-- [ RunTime:0.000147s ]
SQL: SHOW COLUMNS FROM `blog_user` [ RunTime:0.0007s ]
INFO: [ view_parse ] --START--
INFO: [ template_filter ] --START--
INFO: Run Behavior\ContentReplaceBehavior [ RunTime:0.000021s ]
INFO: [ template_filter ] --END-- [ RunTime:0.000049s ]
NOTIC: [2] file_put_contents(./Apps/Runtime/Cache/Home/b4d6f8b7423df441a9a7eab332c4698a.php): failed to open stream: Permission denied /data/www/web/ThinkPHP/Library/Think/Storage/Driver/File.class.php 第 47 行.
ERR: _STORAGE_WRITE_ERROR_:./Apps/Runtime/Cache/Home/b4d6f8b7423df441a9a7eab332c4698a.php
NOTIC: [2] Cannot modify header information - headers already sent by (output started at /data/www/web/ThinkPHP/Library/Think/View.class.php:95) /data/www/web/ThinkPHP/Library/Think/Think.class.php 第 229 行.
NOTIC: [2] Cannot modify header information - headers already sent by (output started at /data/www/web/ThinkPHP/Library/Think/View.class.php:95) /data/www/web/ThinkPHP/Library/Think/Think.class.php 第 230 行.

[ 2015-12-16T13:25:50+08:00 ] 123.56.65.139 /
INFO: [ app_init ] --START--
INFO: Run Behavior\BuildLiteBehavior [ RunTime:0.000013s ]
INFO: [ app_init ] --END-- [ RunTime:0.000302s ]
INFO: [ app_begin ] --START--
INFO: Run Behavior\ReadHtmlCacheBehavior [ RunTime:0.000316s ]
INFO: [ app_begin ] --END-- [ RunTime:0.000342s ]
INFO: [ view_parse ] --START--
INFO: Run Behavior\ParseTemplateBehavior [ RunTime:0.000112s ]
INFO: [ view_parse ] --END-- [ RunTime:0.000140s ]
INFO: [ view_filter ] --START--
INFO: Run Behavior\WriteHtmlCacheBehavior [ RunTime:0.000085s ]
INFO: [ view_filter ] --END-- [ RunTime:0.000105s ]
SQL: SHOW COLUMNS FROM `blog_user` [ RunTime:0.0006s ]
INFO: [ view_parse ] --START--
INFO: [ template_filter ] --START--
INFO: Run Behavior\ContentReplaceBehavior [ RunTime:0.000020s ]
INFO: [ template_filter ] --END-- [ RunTime:0.000046s ]
NOTIC: [2] file_put_contents(./Apps/Runtime/Cache/Home/b4d6f8b7423df441a9a7eab332c4698a.php): failed to open stream: Permission denied /data/www/web/ThinkPHP/Library/Think/Storage/Driver/File.class.php 第 47 行.
ERR: _STORAGE_WRITE_ERROR_:./Apps/Runtime/Cache/Home/b4d6f8b7423df441a9a7eab332c4698a.php
NOTIC: [2] Cannot modify header information - headers already sent by (output started at /data/www/web/ThinkPHP/Library/Think/View.class.php:95) /data/www/web/ThinkPHP/Library/Think/Think.class.php 第 229 行.
NOTIC: [2] Cannot modify header information - headers already sent by (output started at /data/www/web/ThinkPHP/Library/Think/View.class.php:95) /data/www/web/ThinkPHP/Library/Think/Think.class.php 第 230 行.

[ 2015-12-16T16:16:23+08:00 ] 123.151.42.61 /
INFO: [ app_init ] --START--
INFO: Run Behavior\BuildLiteBehavior [ RunTime:0.000009s ]
INFO: [ app_init ] --END-- [ RunTime:0.000210s ]
INFO: [ app_begin ] --START--
INFO: Run Behavior\ReadHtmlCacheBehavior [ RunTime:0.000298s ]
INFO: [ app_begin ] --END-- [ RunTime:0.000325s ]
INFO: [ view_parse ] --START--
INFO: Run Behavior\ParseTemplateBehavior [ RunTime:0.000070s ]
INFO: [ view_parse ] --END-- [ RunTime:0.000093s ]
INFO: [ view_filter ] --START--
INFO: Run Behavior\WriteHtmlCacheBehavior [ RunTime:0.000083s ]
INFO: [ view_filter ] --END-- [ RunTime:0.000103s ]
SQL: SHOW COLUMNS FROM `blog_user` [ RunTime:0.0007s ]
INFO: [ view_parse ] --START--
INFO: [ template_filter ] --START--
INFO: Run Behavior\ContentReplaceBehavior [ RunTime:0.000018s ]
INFO: [ template_filter ] --END-- [ RunTime:0.000087s ]
NOTIC: [2] file_put_contents(./Apps/Runtime/Cache/Home/b4d6f8b7423df441a9a7eab332c4698a.php): failed to open stream: Permission denied /data/www/web/ThinkPHP/Library/Think/Storage/Driver/File.class.php 第 47 行.
ERR: _STORAGE_WRITE_ERROR_:./Apps/Runtime/Cache/Home/b4d6f8b7423df441a9a7eab332c4698a.php
NOTIC: [2] Cannot modify header information - headers already sent by (output started at /data/www/web/ThinkPHP/Library/Think/View.class.php:95) /data/www/web/ThinkPHP/Library/Think/Think.class.php 第 229 行.
NOTIC: [2] Cannot modify header information - headers already sent by (output started at /data/www/web/ThinkPHP/Library/Think/View.class.php:95) /data/www/web/ThinkPHP/Library/Think/Think.class.php 第 230 行.

[ 2015-12-16T17:40:13+08:00 ] 223.246.37.129 /
INFO: [ app_init ] --START--
INFO: Run Behavior\BuildLiteBehavior [ RunTime:0.000009s ]
INFO: [ app_init ] --END-- [ RunTime:0.000215s ]
INFO: [ app_begin ] --START--
INFO: Run Behavior\ReadHtmlCacheBehavior [ RunTime:0.000307s ]
INFO: [ app_begin ] --END-- [ RunTime:0.000334s ]
INFO: [ view_parse ] --START--
INFO: Run Behavior\ParseTemplateBehavior [ RunTime:0.000072s ]
INFO: [ view_parse ] --END-- [ RunTime:0.000097s ]
INFO: [ view_filter ] --START--
INFO: Run Behavior\WriteHtmlCacheBehavior [ RunTime:0.000081s ]
INFO: [ view_filter ] --END-- [ RunTime:0.000101s ]
SQL: SHOW COLUMNS FROM `blog_user` [ RunTime:0.0007s ]
INFO: [ view_parse ] --START--
INFO: [ template_filter ] --START--
INFO: Run Behavior\ContentReplaceBehavior [ RunTime:0.000022s ]
INFO: [ template_filter ] --END-- [ RunTime:0.000049s ]
NOTIC: [2] file_put_contents(./Apps/Runtime/Cache/Home/b4d6f8b7423df441a9a7eab332c4698a.php): failed to open stream: Permission denied /data/www/web/ThinkPHP/Library/Think/Storage/Driver/File.class.php 第 47 行.
ERR: _STORAGE_WRITE_ERROR_:./Apps/Runtime/Cache/Home/b4d6f8b7423df441a9a7eab332c4698a.php
NOTIC: [2] Cannot modify header information - headers already sent by (output started at /data/www/web/ThinkPHP/Library/Think/View.class.php:95) /data/www/web/ThinkPHP/Library/Think/Think.class.php 第 229 行.
NOTIC: [2] Cannot modify header information - headers already sent by (output started at /data/www/web/ThinkPHP/Library/Think/View.class.php:95) /data/www/web/ThinkPHP/Library/Think/Think.class.php 第 230 行.

[ 2015-12-16T19:48:21+08:00 ] 171.208.221.246 /
INFO: [ app_init ] --START--
INFO: Run Behavior\BuildLiteBehavior [ RunTime:0.000010s ]
INFO: [ app_init ] --END-- [ RunTime:0.000227s ]
INFO: [ app_begin ] --START--
INFO: Run Behavior\ReadHtmlCacheBehavior [ RunTime:0.000304s ]
INFO: [ app_begin ] --END-- [ RunTime:0.000332s ]
INFO: [ view_parse ] --START--
INFO: Run Behavior\ParseTemplateBehavior [ RunTime:0.000081s ]
INFO: [ view_parse ] --END-- [ RunTime:0.000106s ]
INFO: [ view_filter ] --START--
INFO: Run Behavior\WriteHtmlCacheBehavior [ RunTime:0.000086s ]
INFO: [ view_filter ] --END-- [ RunTime:0.000106s ]
SQL: SHOW COLUMNS FROM `blog_user` [ RunTime:0.0007s ]
INFO: [ view_parse ] --START--
INFO: [ template_filter ] --START--
INFO: Run Behavior\ContentReplaceBehavior [ RunTime:0.000021s ]
INFO: [ template_filter ] --END-- [ RunTime:0.000048s ]
NOTIC: [2] file_put_contents(./Apps/Runtime/Cache/Home/b4d6f8b7423df441a9a7eab332c4698a.php): failed to open stream: Permission denied /data/www/web/ThinkPHP/Library/Think/Storage/Driver/File.class.php 第 47 行.
ERR: _STORAGE_WRITE_ERROR_:./Apps/Runtime/Cache/Home/b4d6f8b7423df441a9a7eab332c4698a.php
NOTIC: [2] Cannot modify header information - headers already sent by (output started at /data/www/web/ThinkPHP/Library/Think/View.class.php:95) /data/www/web/ThinkPHP/Library/Think/Think.class.php 第 229 行.
NOTIC: [2] Cannot modify header information - headers already sent by (output started at /data/www/web/ThinkPHP/Library/Think/View.class.php:95) /data/www/web/ThinkPHP/Library/Think/Think.class.php 第 230 行.

[ 2015-12-16T22:09:39+08:00 ] 146.185.239.100 /?PHPSESSID=aab45f4f00143PSQJQR_DCZZU
INFO: [ app_init ] --START--
INFO: Run Behavior\BuildLiteBehavior [ RunTime:0.000009s ]
INFO: [ app_init ] --END-- [ RunTime:0.000254s ]
INFO: [ app_begin ] --START--
INFO: Run Behavior\ReadHtmlCacheBehavior [ RunTime:0.000249s ]
INFO: [ app_begin ] --END-- [ RunTime:0.000274s ]
INFO: [ view_parse ] --START--
INFO: Run Behavior\ParseTemplateBehavior [ RunTime:0.000114s ]
INFO: [ view_parse ] --END-- [ RunTime:0.000140s ]
INFO: [ view_filter ] --START--
INFO: Run Behavior\WriteHtmlCacheBehavior [ RunTime:0.000081s ]
INFO: [ view_filter ] --END-- [ RunTime:0.000101s ]
SQL: SHOW COLUMNS FROM `blog_user` [ RunTime:0.0006s ]
INFO: [ view_parse ] --START--
INFO: [ template_filter ] --START--
INFO: Run Behavior\ContentReplaceBehavior [ RunTime:0.000021s ]
INFO: [ template_filter ] --END-- [ RunTime:0.000047s ]
NOTIC: [2] file_put_contents(./Apps/Runtime/Cache/Home/b4d6f8b7423df441a9a7eab332c4698a.php): failed to open stream: Permission denied /data/www/web/ThinkPHP/Library/Think/Storage/Driver/File.class.php 第 47 行.
ERR: _STORAGE_WRITE_ERROR_:./Apps/Runtime/Cache/Home/b4d6f8b7423df441a9a7eab332c4698a.php
NOTIC: [2] Cannot modify header information - headers already sent by (output started at /data/www/web/ThinkPHP/Library/Think/View.class.php:95) /data/www/web/ThinkPHP/Library/Think/Think.class.php 第 229 行.
NOTIC: [2] Cannot modify header information - headers already sent by (output started at /data/www/web/ThinkPHP/Library/Think/View.class.php:95) /data/www/web/ThinkPHP/Library/Think/Think.class.php 第 230 行.

[ 2015-12-16T23:26:55+08:00 ] 171.208.221.246 /
INFO: [ app_init ] --START--
INFO: Run Behavior\BuildLiteBehavior [ RunTime:0.000013s ]
INFO: [ app_init ] --END-- [ RunTime:0.000257s ]
INFO: [ app_begin ] --START--
INFO: Run Behavior\ReadHtmlCacheBehavior [ RunTime:0.000260s ]
INFO: [ app_begin ] --END-- [ RunTime:0.000286s ]
INFO: [ view_parse ] --START--
INFO: Run Behavior\ParseTemplateBehavior [ RunTime:0.000082s ]
INFO: [ view_parse ] --END-- [ RunTime:0.000113s ]
INFO: [ view_filter ] --START--
INFO: Run Behavior\WriteHtmlCacheBehavior [ RunTime:0.000088s ]
INFO: [ view_filter ] --END-- [ RunTime:0.000108s ]
SQL: SHOW COLUMNS FROM `blog_user` [ RunTime:0.0006s ]
INFO: [ view_parse ] --START--
INFO: [ template_filter ] --START--
INFO: Run Behavior\ContentReplaceBehavior [ RunTime:0.000022s ]
INFO: [ template_filter ] --END-- [ RunTime:0.000048s ]
NOTIC: [2] file_put_contents(./Apps/Runtime/Cache/Home/b4d6f8b7423df441a9a7eab332c4698a.php): failed to open stream: Permission denied /data/www/web/ThinkPHP/Library/Think/Storage/Driver/File.class.php 第 47 行.
ERR: _STORAGE_WRITE_ERROR_:./Apps/Runtime/Cache/Home/b4d6f8b7423df441a9a7eab332c4698a.php
NOTIC: [2] Cannot modify header information - headers already sent by (output started at /data/www/web/ThinkPHP/Library/Think/View.class.php:95) /data/www/web/ThinkPHP/Library/Think/Think.class.php 第 229 行.
NOTIC: [2] Cannot modify header information - headers already sent by (output started at /data/www/web/ThinkPHP/Library/Think/View.class.php:95) /data/www/web/ThinkPHP/Library/Think/Think.class.php 第 230 行.

[ 2015-12-16T23:56:09+08:00 ] 23.251.63.45 /
INFO: [ app_init ] --START--
INFO: Run Behavior\BuildLiteBehavior [ RunTime:0.000009s ]
INFO: [ app_init ] --END-- [ RunTime:0.000215s ]
INFO: [ app_begin ] --START--
INFO: Run Behavior\ReadHtmlCacheBehavior [ RunTime:0.000267s ]
INFO: [ app_begin ] --END-- [ RunTime:0.000292s ]
INFO: [ view_parse ] --START--
INFO: Run Behavior\ParseTemplateBehavior [ RunTime:0.000069s ]
INFO: [ view_parse ] --END-- [ RunTime:0.000095s ]
INFO: [ view_filter ] --START--
INFO: Run Behavior\WriteHtmlCacheBehavior [ RunTime:0.000080s ]
INFO: [ view_filter ] --END-- [ RunTime:0.000099s ]
SQL: SHOW COLUMNS FROM `blog_user` [ RunTime:0.0006s ]
INFO: [ view_parse ] --START--
INFO: [ template_filter ] --START--
INFO: Run Behavior\ContentReplaceBehavior [ RunTime:0.000020s ]
INFO: [ template_filter ] --END-- [ RunTime:0.000046s ]
NOTIC: [2] file_put_contents(./Apps/Runtime/Cache/Home/b4d6f8b7423df441a9a7eab332c4698a.php): failed to open stream: Permission denied /data/www/web/ThinkPHP/Library/Think/Storage/Driver/File.class.php 第 47 行.
ERR: _STORAGE_WRITE_ERROR_:./Apps/Runtime/Cache/Home/b4d6f8b7423df441a9a7eab332c4698a.php
NOTIC: [2] Cannot modify header information - headers already sent by (output started at /data/www/web/ThinkPHP/Library/Think/View.class.php:95) /data/www/web/ThinkPHP/Library/Think/Think.class.php 第 229 行.
NOTIC: [2] Cannot modify header information - headers already sent by (output started at /data/www/web/ThinkPHP/Library/Think/View.class.php:95) /data/www/web/ThinkPHP/Library/Think/Think.class.php 第 230 行.

