[ 2015-12-17T02:14:41+08:00 ] 54.153.32.246 /
INFO: [ app_init ] --START--
INFO: Run Behavior\BuildLiteBehavior [ RunTime:0.000010s ]
INFO: [ app_init ] --END-- [ RunTime:0.000215s ]
INFO: [ app_begin ] --START--
INFO: Run Behavior\ReadHtmlCacheBehavior [ RunTime:0.000250s ]
INFO: [ app_begin ] --END-- [ RunTime:0.000317s ]
INFO: [ view_parse ] --START--
INFO: Run Behavior\ParseTemplateBehavior [ RunTime:0.000069s ]
INFO: [ view_parse ] --END-- [ RunTime:0.000095s ]
INFO: [ view_filter ] --START--
INFO: Run Behavior\WriteHtmlCacheBehavior [ RunTime:0.000088s ]
INFO: [ view_filter ] --END-- [ RunTime:0.000113s ]
SQL: SHOW COLUMNS FROM `blog_user` [ RunTime:0.0006s ]
INFO: [ view_parse ] --START--
INFO: [ template_filter ] --START--
INFO: Run Behavior\ContentReplaceBehavior [ RunTime:0.000075s ]
INFO: [ template_filter ] --END-- [ RunTime:0.000111s ]
NOTIC: [2] file_put_contents(./Apps/Runtime/Cache/Home/b4d6f8b7423df441a9a7eab332c4698a.php): failed to open stream: Permission denied /data/www/web/ThinkPHP/Library/Think/Storage/Driver/File.class.php 第 47 行.
ERR: _STORAGE_WRITE_ERROR_:./Apps/Runtime/Cache/Home/b4d6f8b7423df441a9a7eab332c4698a.php
NOTIC: [2] Cannot modify header information - headers already sent by (output started at /data/www/web/ThinkPHP/Library/Think/View.class.php:95) /data/www/web/ThinkPHP/Library/Think/Think.class.php 第 229 行.
NOTIC: [2] Cannot modify header information - headers already sent by (output started at /data/www/web/ThinkPHP/Library/Think/View.class.php:95) /data/www/web/ThinkPHP/Library/Think/Think.class.php 第 230 行.

[ 2015-12-17T03:02:21+08:00 ] 121.42.0.35 /
INFO: [ app_init ] --START--
INFO: Run Behavior\BuildLiteBehavior [ RunTime:0.000010s ]
INFO: [ app_init ] --END-- [ RunTime:0.000253s ]
INFO: [ app_begin ] --START--
INFO: Run Behavior\ReadHtmlCacheBehavior [ RunTime:0.000266s ]
INFO: [ app_begin ] --END-- [ RunTime:0.000291s ]
INFO: [ view_parse ] --START--
INFO: Run Behavior\ParseTemplateBehavior [ RunTime:0.000072s ]
INFO: [ view_parse ] --END-- [ RunTime:0.000097s ]
INFO: [ view_filter ] --START--
INFO: Run Behavior\WriteHtmlCacheBehavior [ RunTime:0.000082s ]
INFO: [ view_filter ] --END-- [ RunTime:0.000104s ]
SQL: SHOW COLUMNS FROM `blog_user` [ RunTime:0.0006s ]
INFO: [ view_parse ] --START--
INFO: [ template_filter ] --START--
INFO: Run Behavior\ContentReplaceBehavior [ RunTime:0.000019s ]
INFO: [ template_filter ] --END-- [ RunTime:0.000045s ]
NOTIC: [2] file_put_contents(./Apps/Runtime/Cache/Home/b4d6f8b7423df441a9a7eab332c4698a.php): failed to open stream: Permission denied /data/www/web/ThinkPHP/Library/Think/Storage/Driver/File.class.php 第 47 行.
ERR: _STORAGE_WRITE_ERROR_:./Apps/Runtime/Cache/Home/b4d6f8b7423df441a9a7eab332c4698a.php
NOTIC: [2] Cannot modify header information - headers already sent by (output started at /data/www/web/ThinkPHP/Library/Think/View.class.php:95) /data/www/web/ThinkPHP/Library/Think/Think.class.php 第 229 行.
NOTIC: [2] Cannot modify header information - headers already sent by (output started at /data/www/web/ThinkPHP/Library/Think/View.class.php:95) /data/www/web/ThinkPHP/Library/Think/Think.class.php 第 230 行.

[ 2015-12-17T03:36:34+08:00 ] 123.151.42.61 /
INFO: [ app_init ] --START--
INFO: Run Behavior\BuildLiteBehavior [ RunTime:0.000010s ]
INFO: [ app_init ] --END-- [ RunTime:0.000222s ]
INFO: [ app_begin ] --START--
INFO: Run Behavior\ReadHtmlCacheBehavior [ RunTime:0.000253s ]
INFO: [ app_begin ] --END-- [ RunTime:0.000279s ]
INFO: [ view_parse ] --START--
INFO: Run Behavior\ParseTemplateBehavior [ RunTime:0.000071s ]
INFO: [ view_parse ] --END-- [ RunTime:0.000096s ]
INFO: [ view_filter ] --START--
INFO: Run Behavior\WriteHtmlCacheBehavior [ RunTime:0.000081s ]
INFO: [ view_filter ] --END-- [ RunTime:0.000101s ]
SQL: SHOW COLUMNS FROM `blog_user` [ RunTime:0.0006s ]
INFO: [ view_parse ] --START--
INFO: [ template_filter ] --START--
INFO: Run Behavior\ContentReplaceBehavior [ RunTime:0.000019s ]
INFO: [ template_filter ] --END-- [ RunTime:0.000045s ]
NOTIC: [2] file_put_contents(./Apps/Runtime/Cache/Home/b4d6f8b7423df441a9a7eab332c4698a.php): failed to open stream: Permission denied /data/www/web/ThinkPHP/Library/Think/Storage/Driver/File.class.php 第 47 行.
ERR: _STORAGE_WRITE_ERROR_:./Apps/Runtime/Cache/Home/b4d6f8b7423df441a9a7eab332c4698a.php
NOTIC: [2] Cannot modify header information - headers already sent by (output started at /data/www/web/ThinkPHP/Library/Think/View.class.php:95) /data/www/web/ThinkPHP/Library/Think/Think.class.php 第 229 行.
NOTIC: [2] Cannot modify header information - headers already sent by (output started at /data/www/web/ThinkPHP/Library/Think/View.class.php:95) /data/www/web/ThinkPHP/Library/Think/Think.class.php 第 230 行.

[ 2015-12-17T04:08:37+08:00 ] 185.35.62.11 /
INFO: [ app_init ] --START--
INFO: Run Behavior\BuildLiteBehavior [ RunTime:0.000009s ]
INFO: [ app_init ] --END-- [ RunTime:0.000267s ]
INFO: [ app_begin ] --START--
INFO: Run Behavior\ReadHtmlCacheBehavior [ RunTime:0.000280s ]
INFO: [ app_begin ] --END-- [ RunTime:0.000307s ]
INFO: [ view_parse ] --START--
INFO: Run Behavior\ParseTemplateBehavior [ RunTime:0.000086s ]
INFO: [ view_parse ] --END-- [ RunTime:0.000112s ]
INFO: [ view_filter ] --START--
INFO: Run Behavior\WriteHtmlCacheBehavior [ RunTime:0.000086s ]
INFO: [ view_filter ] --END-- [ RunTime:0.000114s ]
SQL: SHOW COLUMNS FROM `blog_user` [ RunTime:0.0008s ]
INFO: [ view_parse ] --START--
INFO: [ template_filter ] --START--
INFO: Run Behavior\ContentReplaceBehavior [ RunTime:0.000026s ]
INFO: [ template_filter ] --END-- [ RunTime:0.000054s ]
NOTIC: [2] file_put_contents(./Apps/Runtime/Cache/Home/b4d6f8b7423df441a9a7eab332c4698a.php): failed to open stream: Permission denied /data/www/web/ThinkPHP/Library/Think/Storage/Driver/File.class.php 第 47 行.
ERR: _STORAGE_WRITE_ERROR_:./Apps/Runtime/Cache/Home/b4d6f8b7423df441a9a7eab332c4698a.php
NOTIC: [2] Cannot modify header information - headers already sent by (output started at /data/www/web/ThinkPHP/Library/Think/View.class.php:95) /data/www/web/ThinkPHP/Library/Think/Think.class.php 第 229 行.
NOTIC: [2] Cannot modify header information - headers already sent by (output started at /data/www/web/ThinkPHP/Library/Think/View.class.php:95) /data/www/web/ThinkPHP/Library/Think/Think.class.php 第 230 行.

[ 2015-12-17T15:36:25+08:00 ] 123.151.42.61 /
INFO: [ app_init ] --START--
INFO: Run Behavior\BuildLiteBehavior [ RunTime:0.000013s ]
INFO: [ app_init ] --END-- [ RunTime:0.000335s ]
INFO: [ app_begin ] --START--
INFO: Run Behavior\ReadHtmlCacheBehavior [ RunTime:0.000270s ]
INFO: [ app_begin ] --END-- [ RunTime:0.000295s ]
INFO: [ view_parse ] --START--
INFO: Run Behavior\ParseTemplateBehavior [ RunTime:0.000076s ]
INFO: [ view_parse ] --END-- [ RunTime:0.000101s ]
INFO: [ view_filter ] --START--
INFO: Run Behavior\WriteHtmlCacheBehavior [ RunTime:0.000080s ]
INFO: [ view_filter ] --END-- [ RunTime:0.000101s ]
SQL: SHOW COLUMNS FROM `blog_user` [ RunTime:0.0007s ]
INFO: [ view_parse ] --START--
INFO: [ template_filter ] --START--
INFO: Run Behavior\ContentReplaceBehavior [ RunTime:0.000020s ]
INFO: [ template_filter ] --END-- [ RunTime:0.000045s ]
NOTIC: [2] file_put_contents(./Apps/Runtime/Cache/Home/b4d6f8b7423df441a9a7eab332c4698a.php): failed to open stream: Permission denied /data/www/web/ThinkPHP/Library/Think/Storage/Driver/File.class.php 第 47 行.
ERR: _STORAGE_WRITE_ERROR_:./Apps/Runtime/Cache/Home/b4d6f8b7423df441a9a7eab332c4698a.php
NOTIC: [2] Cannot modify header information - headers already sent by (output started at /data/www/web/ThinkPHP/Library/Think/View.class.php:95) /data/www/web/ThinkPHP/Library/Think/Think.class.php 第 229 行.
NOTIC: [2] Cannot modify header information - headers already sent by (output started at /data/www/web/ThinkPHP/Library/Think/View.class.php:95) /data/www/web/ThinkPHP/Library/Think/Think.class.php 第 230 行.

[ 2015-12-17T16:16:40+08:00 ] 112.74.206.117 /
INFO: [ app_init ] --START--
INFO: Run Behavior\BuildLiteBehavior [ RunTime:0.000010s ]
INFO: [ app_init ] --END-- [ RunTime:0.000213s ]
INFO: [ app_begin ] --START--
INFO: Run Behavior\ReadHtmlCacheBehavior [ RunTime:0.000250s ]
INFO: [ app_begin ] --END-- [ RunTime:0.000318s ]
INFO: [ view_parse ] --START--
INFO: Run Behavior\ParseTemplateBehavior [ RunTime:0.000071s ]
INFO: [ view_parse ] --END-- [ RunTime:0.000096s ]
INFO: [ view_filter ] --START--
INFO: Run Behavior\WriteHtmlCacheBehavior [ RunTime:0.000081s ]
INFO: [ view_filter ] --END-- [ RunTime:0.000100s ]
SQL: SHOW COLUMNS FROM `blog_user` [ RunTime:0.0007s ]
INFO: [ view_parse ] --START--
INFO: [ template_filter ] --START--
INFO: Run Behavior\ContentReplaceBehavior [ RunTime:0.000030s ]
INFO: [ template_filter ] --END-- [ RunTime:0.000076s ]
NOTIC: [2] file_put_contents(./Apps/Runtime/Cache/Home/b4d6f8b7423df441a9a7eab332c4698a.php): failed to open stream: Permission denied /data/www/web/ThinkPHP/Library/Think/Storage/Driver/File.class.php 第 47 行.
ERR: _STORAGE_WRITE_ERROR_:./Apps/Runtime/Cache/Home/b4d6f8b7423df441a9a7eab332c4698a.php
NOTIC: [2] Cannot modify header information - headers already sent by (output started at /data/www/web/ThinkPHP/Library/Think/View.class.php:95) /data/www/web/ThinkPHP/Library/Think/Think.class.php 第 229 行.
NOTIC: [2] Cannot modify header information - headers already sent by (output started at /data/www/web/ThinkPHP/Library/Think/View.class.php:95) /data/www/web/ThinkPHP/Library/Think/Think.class.php 第 230 行.

[ 2015-12-17T16:53:43+08:00 ] 101.200.77.100 /
INFO: [ app_init ] --START--
INFO: Run Behavior\BuildLiteBehavior [ RunTime:0.000009s ]
INFO: [ app_init ] --END-- [ RunTime:0.000213s ]
INFO: [ app_begin ] --START--
INFO: Run Behavior\ReadHtmlCacheBehavior [ RunTime:0.000251s ]
INFO: [ app_begin ] --END-- [ RunTime:0.000277s ]
INFO: [ view_parse ] --START--
INFO: Run Behavior\ParseTemplateBehavior [ RunTime:0.000072s ]
INFO: [ view_parse ] --END-- [ RunTime:0.000097s ]
INFO: [ view_filter ] --START--
INFO: Run Behavior\WriteHtmlCacheBehavior [ RunTime:0.000080s ]
INFO: [ view_filter ] --END-- [ RunTime:0.000106s ]
SQL: SHOW COLUMNS FROM `blog_user` [ RunTime:0.0007s ]
INFO: [ view_parse ] --START--
INFO: [ template_filter ] --START--
INFO: Run Behavior\ContentReplaceBehavior [ RunTime:0.000021s ]
INFO: [ template_filter ] --END-- [ RunTime:0.000050s ]
NOTIC: [2] file_put_contents(./Apps/Runtime/Cache/Home/b4d6f8b7423df441a9a7eab332c4698a.php): failed to open stream: Permission denied /data/www/web/ThinkPHP/Library/Think/Storage/Driver/File.class.php 第 47 行.
ERR: _STORAGE_WRITE_ERROR_:./Apps/Runtime/Cache/Home/b4d6f8b7423df441a9a7eab332c4698a.php
NOTIC: [2] Cannot modify header information - headers already sent by (output started at /data/www/web/ThinkPHP/Library/Think/View.class.php:95) /data/www/web/ThinkPHP/Library/Think/Think.class.php 第 229 行.
NOTIC: [2] Cannot modify header information - headers already sent by (output started at /data/www/web/ThinkPHP/Library/Think/View.class.php:95) /data/www/web/ThinkPHP/Library/Think/Think.class.php 第 230 行.

[ 2015-12-17T22:22:45+08:00 ] 27.106.164.53 /
INFO: [ app_init ] --START--
INFO: Run Behavior\BuildLiteBehavior [ RunTime:0.000010s ]
INFO: [ app_init ] --END-- [ RunTime:0.000216s ]
INFO: [ app_begin ] --START--
INFO: Run Behavior\ReadHtmlCacheBehavior [ RunTime:0.000299s ]
INFO: [ app_begin ] --END-- [ RunTime:0.000328s ]
INFO: [ view_parse ] --START--
INFO: Run Behavior\ParseTemplateBehavior [ RunTime:0.000070s ]
INFO: [ view_parse ] --END-- [ RunTime:0.000094s ]
INFO: [ view_filter ] --START--
INFO: Run Behavior\WriteHtmlCacheBehavior [ RunTime:0.000080s ]
INFO: [ view_filter ] --END-- [ RunTime:0.000099s ]
SQL: SHOW COLUMNS FROM `blog_user` [ RunTime:0.0007s ]
INFO: [ view_parse ] --START--
INFO: [ template_filter ] --START--
INFO: Run Behavior\ContentReplaceBehavior [ RunTime:0.000020s ]
INFO: [ template_filter ] --END-- [ RunTime:0.000047s ]
NOTIC: [2] file_put_contents(./Apps/Runtime/Cache/Home/b4d6f8b7423df441a9a7eab332c4698a.php): failed to open stream: Permission denied /data/www/web/ThinkPHP/Library/Think/Storage/Driver/File.class.php 第 47 行.
ERR: _STORAGE_WRITE_ERROR_:./Apps/Runtime/Cache/Home/b4d6f8b7423df441a9a7eab332c4698a.php
NOTIC: [2] Cannot modify header information - headers already sent by (output started at /data/www/web/ThinkPHP/Library/Think/View.class.php:95) /data/www/web/ThinkPHP/Library/Think/Think.class.php 第 229 行.
NOTIC: [2] Cannot modify header information - headers already sent by (output started at /data/www/web/ThinkPHP/Library/Think/View.class.php:95) /data/www/web/ThinkPHP/Library/Think/Think.class.php 第 230 行.

[ 2015-12-17T22:22:54+08:00 ] 27.106.164.53 /index.php
INFO: [ app_init ] --START--
INFO: Run Behavior\BuildLiteBehavior [ RunTime:0.000010s ]
INFO: [ app_init ] --END-- [ RunTime:0.000269s ]
INFO: [ app_begin ] --START--
INFO: Run Behavior\ReadHtmlCacheBehavior [ RunTime:0.000267s ]
INFO: [ app_begin ] --END-- [ RunTime:0.000292s ]
INFO: [ view_parse ] --START--
INFO: Run Behavior\ParseTemplateBehavior [ RunTime:0.000071s ]
INFO: [ view_parse ] --END-- [ RunTime:0.000095s ]
INFO: [ view_filter ] --START--
INFO: Run Behavior\WriteHtmlCacheBehavior [ RunTime:0.000149s ]
INFO: [ view_filter ] --END-- [ RunTime:0.000171s ]
SQL: SHOW COLUMNS FROM `blog_user` [ RunTime:0.0007s ]
INFO: [ view_parse ] --START--
INFO: [ template_filter ] --START--
INFO: Run Behavior\ContentReplaceBehavior [ RunTime:0.000028s ]
INFO: [ template_filter ] --END-- [ RunTime:0.000056s ]
NOTIC: [2] file_put_contents(./Apps/Runtime/Cache/Home/b4d6f8b7423df441a9a7eab332c4698a.php): failed to open stream: Permission denied /data/www/web/ThinkPHP/Library/Think/Storage/Driver/File.class.php 第 47 行.
ERR: _STORAGE_WRITE_ERROR_:./Apps/Runtime/Cache/Home/b4d6f8b7423df441a9a7eab332c4698a.php
NOTIC: [2] Cannot modify header information - headers already sent by (output started at /data/www/web/ThinkPHP/Library/Think/View.class.php:95) /data/www/web/ThinkPHP/Library/Think/Think.class.php 第 229 行.
NOTIC: [2] Cannot modify header information - headers already sent by (output started at /data/www/web/ThinkPHP/Library/Think/View.class.php:95) /data/www/web/ThinkPHP/Library/Think/Think.class.php 第 230 行.

[ 2015-12-17T22:23:07+08:00 ] 27.106.164.53 /home/index
INFO: [ app_init ] --START--
INFO: Run Behavior\BuildLiteBehavior [ RunTime:0.000009s ]
INFO: [ app_init ] --END-- [ RunTime:0.000211s ]
INFO: [ app_begin ] --START--
INFO: Run Behavior\ReadHtmlCacheBehavior [ RunTime:0.000313s ]
INFO: [ app_begin ] --END-- [ RunTime:0.000341s ]
INFO: [ view_parse ] --START--
INFO: Run Behavior\ParseTemplateBehavior [ RunTime:0.000070s ]
INFO: [ view_parse ] --END-- [ RunTime:0.000095s ]
INFO: [ view_filter ] --START--
INFO: Run Behavior\WriteHtmlCacheBehavior [ RunTime:0.000081s ]
INFO: [ view_filter ] --END-- [ RunTime:0.000100s ]
SQL: SHOW COLUMNS FROM `blog_user` [ RunTime:0.0007s ]
INFO: [ view_parse ] --START--
INFO: [ template_filter ] --START--
INFO: Run Behavior\ContentReplaceBehavior [ RunTime:0.000023s ]
INFO: [ template_filter ] --END-- [ RunTime:0.000055s ]
NOTIC: [2] file_put_contents(./Apps/Runtime/Cache/Home/b4d6f8b7423df441a9a7eab332c4698a.php): failed to open stream: Permission denied /data/www/web/ThinkPHP/Library/Think/Storage/Driver/File.class.php 第 47 行.
ERR: _STORAGE_WRITE_ERROR_:./Apps/Runtime/Cache/Home/b4d6f8b7423df441a9a7eab332c4698a.php
NOTIC: [2] Cannot modify header information - headers already sent by (output started at /data/www/web/ThinkPHP/Library/Think/View.class.php:95) /data/www/web/ThinkPHP/Library/Think/Think.class.php 第 229 行.
NOTIC: [2] Cannot modify header information - headers already sent by (output started at /data/www/web/ThinkPHP/Library/Think/View.class.php:95) /data/www/web/ThinkPHP/Library/Think/Think.class.php 第 230 行.

[ 2015-12-17T22:23:23+08:00 ] 27.106.164.53 /home/index.html
INFO: [ app_init ] --START--
INFO: Run Behavior\BuildLiteBehavior [ RunTime:0.000010s ]
INFO: [ app_init ] --END-- [ RunTime:0.000278s ]
INFO: [ app_begin ] --START--
INFO: Run Behavior\ReadHtmlCacheBehavior [ RunTime:0.000300s ]
INFO: [ app_begin ] --END-- [ RunTime:0.000327s ]
INFO: [ view_parse ] --START--
INFO: Run Behavior\ParseTemplateBehavior [ RunTime:0.000064s ]
INFO: [ view_parse ] --END-- [ RunTime:0.000089s ]
INFO: [ view_filter ] --START--
INFO: Run Behavior\WriteHtmlCacheBehavior [ RunTime:0.000078s ]
INFO: [ view_filter ] --END-- [ RunTime:0.000098s ]
SQL: SHOW COLUMNS FROM `blog_user` [ RunTime:0.0006s ]
INFO: [ view_parse ] --START--
INFO: [ template_filter ] --START--
INFO: Run Behavior\ContentReplaceBehavior [ RunTime:0.000020s ]
INFO: [ template_filter ] --END-- [ RunTime:0.000046s ]
NOTIC: [2] file_put_contents(./Apps/Runtime/Cache/Home/b4d6f8b7423df441a9a7eab332c4698a.php): failed to open stream: Permission denied /data/www/web/ThinkPHP/Library/Think/Storage/Driver/File.class.php 第 47 行.
ERR: _STORAGE_WRITE_ERROR_:./Apps/Runtime/Cache/Home/b4d6f8b7423df441a9a7eab332c4698a.php
NOTIC: [2] Cannot modify header information - headers already sent by (output started at /data/www/web/ThinkPHP/Library/Think/View.class.php:95) /data/www/web/ThinkPHP/Library/Think/Think.class.php 第 229 行.
NOTIC: [2] Cannot modify header information - headers already sent by (output started at /data/www/web/ThinkPHP/Library/Think/View.class.php:95) /data/www/web/ThinkPHP/Library/Think/Think.class.php 第 230 行.

[ 2015-12-17T22:23:52+08:00 ] 27.106.164.53 /index.php
INFO: [ app_init ] --START--
INFO: Run Behavior\BuildLiteBehavior [ RunTime:0.000009s ]
INFO: [ app_init ] --END-- [ RunTime:0.000211s ]
INFO: [ app_begin ] --START--
INFO: Run Behavior\ReadHtmlCacheBehavior [ RunTime:0.000256s ]
INFO: [ app_begin ] --END-- [ RunTime:0.000281s ]
INFO: [ view_parse ] --START--
INFO: Run Behavior\ParseTemplateBehavior [ RunTime:0.000071s ]
INFO: [ view_parse ] --END-- [ RunTime:0.000096s ]
INFO: [ view_filter ] --START--
INFO: Run Behavior\WriteHtmlCacheBehavior [ RunTime:0.000081s ]
INFO: [ view_filter ] --END-- [ RunTime:0.000100s ]
SQL: SHOW COLUMNS FROM `blog_user` [ RunTime:0.0007s ]
INFO: [ view_parse ] --START--
INFO: [ template_filter ] --START--
INFO: Run Behavior\ContentReplaceBehavior [ RunTime:0.000025s ]
INFO: [ template_filter ] --END-- [ RunTime:0.000057s ]
NOTIC: [2] file_put_contents(./Apps/Runtime/Cache/Home/b4d6f8b7423df441a9a7eab332c4698a.php): failed to open stream: Permission denied /data/www/web/ThinkPHP/Library/Think/Storage/Driver/File.class.php 第 47 行.
ERR: _STORAGE_WRITE_ERROR_:./Apps/Runtime/Cache/Home/b4d6f8b7423df441a9a7eab332c4698a.php
NOTIC: [2] Cannot modify header information - headers already sent by (output started at /data/www/web/ThinkPHP/Library/Think/View.class.php:95) /data/www/web/ThinkPHP/Library/Think/Think.class.php 第 229 行.
NOTIC: [2] Cannot modify header information - headers already sent by (output started at /data/www/web/ThinkPHP/Library/Think/View.class.php:95) /data/www/web/ThinkPHP/Library/Think/Think.class.php 第 230 行.

[ 2015-12-17T22:24:09+08:00 ] 27.106.164.53 /index.php/home/index/index
INFO: [ app_init ] --START--
INFO: Run Behavior\BuildLiteBehavior [ RunTime:0.000010s ]
INFO: [ app_init ] --END-- [ RunTime:0.000211s ]
INFO: [ app_begin ] --START--
INFO: Run Behavior\ReadHtmlCacheBehavior [ RunTime:0.000306s ]
INFO: [ app_begin ] --END-- [ RunTime:0.000334s ]
INFO: [ view_parse ] --START--
INFO: Run Behavior\ParseTemplateBehavior [ RunTime:0.000110s ]
INFO: [ view_parse ] --END-- [ RunTime:0.000137s ]
INFO: [ view_filter ] --START--
INFO: Run Behavior\WriteHtmlCacheBehavior [ RunTime:0.000081s ]
INFO: [ view_filter ] --END-- [ RunTime:0.000108s ]
SQL: SHOW COLUMNS FROM `blog_user` [ RunTime:0.0007s ]
INFO: [ view_parse ] --START--
INFO: [ template_filter ] --START--
INFO: Run Behavior\ContentReplaceBehavior [ RunTime:0.000024s ]
INFO: [ template_filter ] --END-- [ RunTime:0.000052s ]
NOTIC: [2] file_put_contents(./Apps/Runtime/Cache/Home/b4d6f8b7423df441a9a7eab332c4698a.php): failed to open stream: Permission denied /data/www/web/ThinkPHP/Library/Think/Storage/Driver/File.class.php 第 47 行.
ERR: _STORAGE_WRITE_ERROR_:./Apps/Runtime/Cache/Home/b4d6f8b7423df441a9a7eab332c4698a.php
NOTIC: [2] Cannot modify header information - headers already sent by (output started at /data/www/web/ThinkPHP/Library/Think/View.class.php:95) /data/www/web/ThinkPHP/Library/Think/Think.class.php 第 229 行.
NOTIC: [2] Cannot modify header information - headers already sent by (output started at /data/www/web/ThinkPHP/Library/Think/View.class.php:95) /data/www/web/ThinkPHP/Library/Think/Think.class.php 第 230 行.

[ 2015-12-17T22:24:34+08:00 ] 27.106.164.53 /index.php/home/login/index
INFO: [ app_init ] --START--
INFO: Run Behavior\BuildLiteBehavior [ RunTime:0.000010s ]
INFO: [ app_init ] --END-- [ RunTime:0.000268s ]
INFO: [ app_begin ] --START--
INFO: Run Behavior\ReadHtmlCacheBehavior [ RunTime:0.000251s ]
INFO: [ app_begin ] --END-- [ RunTime:0.000277s ]
SQL: SHOW COLUMNS FROM `blog_user` [ RunTime:0.0006s ]
INFO: [ view_parse ] --START--
INFO: [ template_filter ] --START--
INFO: Run Behavior\ContentReplaceBehavior [ RunTime:0.000019s ]
INFO: [ template_filter ] --END-- [ RunTime:0.000046s ]
NOTIC: [2] file_put_contents(./Apps/Runtime/Cache/Home/e0328137eb5ad9dd2da58a3c4a5014a3.php): failed to open stream: Permission denied /data/www/web/ThinkPHP/Library/Think/Storage/Driver/File.class.php 第 47 行.
ERR: _STORAGE_WRITE_ERROR_:./Apps/Runtime/Cache/Home/e0328137eb5ad9dd2da58a3c4a5014a3.php

[ 2015-12-17T22:24:54+08:00 ] 27.106.164.53 /home/login
INFO: [ app_init ] --START--
INFO: Run Behavior\BuildLiteBehavior [ RunTime:0.000009s ]
INFO: [ app_init ] --END-- [ RunTime:0.000255s ]
INFO: [ app_begin ] --START--
INFO: Run Behavior\ReadHtmlCacheBehavior [ RunTime:0.000282s ]
INFO: [ app_begin ] --END-- [ RunTime:0.000314s ]
SQL: SHOW COLUMNS FROM `blog_user` [ RunTime:0.0007s ]
INFO: [ view_parse ] --START--
INFO: [ template_filter ] --START--
INFO: Run Behavior\ContentReplaceBehavior [ RunTime:0.000020s ]
INFO: [ template_filter ] --END-- [ RunTime:0.000053s ]
NOTIC: [2] file_put_contents(./Apps/Runtime/Cache/Home/e0328137eb5ad9dd2da58a3c4a5014a3.php): failed to open stream: Permission denied /data/www/web/ThinkPHP/Library/Think/Storage/Driver/File.class.php 第 47 行.
ERR: _STORAGE_WRITE_ERROR_:./Apps/Runtime/Cache/Home/e0328137eb5ad9dd2da58a3c4a5014a3.php

[ 2015-12-17T22:29:39+08:00 ] 27.106.164.53 /home/login
INFO: [ app_init ] --START--
INFO: Run Behavior\BuildLiteBehavior [ RunTime:0.000010s ]
INFO: [ app_init ] --END-- [ RunTime:0.000217s ]
INFO: [ app_begin ] --START--
INFO: Run Behavior\ReadHtmlCacheBehavior [ RunTime:0.000300s ]
INFO: [ app_begin ] --END-- [ RunTime:0.000326s ]
SQL: SHOW COLUMNS FROM `blog_user` [ RunTime:0.0007s ]
INFO: [ view_parse ] --START--
INFO: [ template_filter ] --START--
INFO: Run Behavior\ContentReplaceBehavior [ RunTime:0.000022s ]
INFO: [ template_filter ] --END-- [ RunTime:0.000139s ]
NOTIC: [2] file_put_contents(./Apps/Runtime/Cache/Home/e0328137eb5ad9dd2da58a3c4a5014a3.php): failed to open stream: Permission denied /data/www/web/ThinkPHP/Library/Think/Storage/Driver/File.class.php 第 47 行.
ERR: _STORAGE_WRITE_ERROR_:./Apps/Runtime/Cache/Home/e0328137eb5ad9dd2da58a3c4a5014a3.php

[ 2015-12-17T22:29:43+08:00 ] 27.106.164.53 /home/Login
INFO: [ app_init ] --START--
INFO: Run Behavior\BuildLiteBehavior [ RunTime:0.000009s ]
INFO: [ app_init ] --END-- [ RunTime:0.000226s ]
INFO: [ app_begin ] --START--
INFO: Run Behavior\ReadHtmlCacheBehavior [ RunTime:0.000255s ]
INFO: [ app_begin ] --END-- [ RunTime:0.000280s ]
SQL: SHOW COLUMNS FROM `blog_user` [ RunTime:0.0007s ]
INFO: [ view_parse ] --START--
INFO: [ template_filter ] --START--
INFO: Run Behavior\ContentReplaceBehavior [ RunTime:0.000024s ]
INFO: [ template_filter ] --END-- [ RunTime:0.000050s ]
NOTIC: [2] file_put_contents(./Apps/Runtime/Cache/Home/e0328137eb5ad9dd2da58a3c4a5014a3.php): failed to open stream: Permission denied /data/www/web/ThinkPHP/Library/Think/Storage/Driver/File.class.php 第 47 行.
ERR: _STORAGE_WRITE_ERROR_:./Apps/Runtime/Cache/Home/e0328137eb5ad9dd2da58a3c4a5014a3.php

[ 2015-12-17T22:29:50+08:00 ] 27.106.164.53 /Home/Login
INFO: [ app_init ] --START--
INFO: Run Behavior\BuildLiteBehavior [ RunTime:0.000011s ]
INFO: [ app_init ] --END-- [ RunTime:0.000269s ]
INFO: [ app_begin ] --START--
INFO: Run Behavior\ReadHtmlCacheBehavior [ RunTime:0.000260s ]
INFO: [ app_begin ] --END-- [ RunTime:0.000292s ]
SQL: SHOW COLUMNS FROM `blog_user` [ RunTime:0.0007s ]
INFO: [ view_parse ] --START--
INFO: [ template_filter ] --START--
INFO: Run Behavior\ContentReplaceBehavior [ RunTime:0.000028s ]
INFO: [ template_filter ] --END-- [ RunTime:0.000057s ]
NOTIC: [2] file_put_contents(./Apps/Runtime/Cache/Home/e0328137eb5ad9dd2da58a3c4a5014a3.php): failed to open stream: Permission denied /data/www/web/ThinkPHP/Library/Think/Storage/Driver/File.class.php 第 47 行.
ERR: _STORAGE_WRITE_ERROR_:./Apps/Runtime/Cache/Home/e0328137eb5ad9dd2da58a3c4a5014a3.php

[ 2015-12-17T22:30:27+08:00 ] 27.106.164.53 /
INFO: [ app_init ] --START--
INFO: Run Behavior\BuildLiteBehavior [ RunTime:0.000009s ]
INFO: [ app_init ] --END-- [ RunTime:0.000257s ]
INFO: [ app_begin ] --START--
INFO: Run Behavior\ReadHtmlCacheBehavior [ RunTime:0.000265s ]
INFO: [ app_begin ] --END-- [ RunTime:0.000291s ]
INFO: [ view_parse ] --START--
INFO: Run Behavior\ParseTemplateBehavior [ RunTime:0.000110s ]
INFO: [ view_parse ] --END-- [ RunTime:0.000138s ]
INFO: [ view_filter ] --START--
INFO: Run Behavior\WriteHtmlCacheBehavior [ RunTime:0.000084s ]
INFO: [ view_filter ] --END-- [ RunTime:0.000104s ]
SQL: SHOW COLUMNS FROM `blog_user` [ RunTime:0.0007s ]
INFO: [ view_parse ] --START--
INFO: [ template_filter ] --START--
INFO: Run Behavior\ContentReplaceBehavior [ RunTime:0.000018s ]
INFO: [ template_filter ] --END-- [ RunTime:0.000045s ]
NOTIC: [2] file_put_contents(./Apps/Runtime/Cache/Home/b4d6f8b7423df441a9a7eab332c4698a.php): failed to open stream: Permission denied /data/www/web/ThinkPHP/Library/Think/Storage/Driver/File.class.php 第 47 行.
ERR: _STORAGE_WRITE_ERROR_:./Apps/Runtime/Cache/Home/b4d6f8b7423df441a9a7eab332c4698a.php
NOTIC: [2] Cannot modify header information - headers already sent by (output started at /data/www/web/ThinkPHP/Library/Think/View.class.php:95) /data/www/web/ThinkPHP/Library/Think/Think.class.php 第 229 行.
NOTIC: [2] Cannot modify header information - headers already sent by (output started at /data/www/web/ThinkPHP/Library/Think/View.class.php:95) /data/www/web/ThinkPHP/Library/Think/Think.class.php 第 230 行.

