[ 2015-12-12T00:28:44+08:00 ] 120.26.55.211 /
INFO: [ app_init ] --START--
INFO: Run Behavior\BuildLiteBehavior [ RunTime:0.000010s ]
INFO: [ app_init ] --END-- [ RunTime:0.000210s ]
INFO: [ app_begin ] --START--
INFO: Run Behavior\ReadHtmlCacheBehavior [ RunTime:0.000251s ]
INFO: [ app_begin ] --END-- [ RunTime:0.000277s ]
INFO: [ view_parse ] --START--
INFO: Run Behavior\ParseTemplateBehavior [ RunTime:0.000069s ]
INFO: [ view_parse ] --END-- [ RunTime:0.000094s ]
INFO: [ view_filter ] --START--
INFO: Run Behavior\WriteHtmlCacheBehavior [ RunTime:0.000142s ]
INFO: [ view_filter ] --END-- [ RunTime:0.000164s ]
SQL: SHOW COLUMNS FROM `blog_user` [ RunTime:0.0007s ]
INFO: [ view_parse ] --START--
INFO: [ template_filter ] --START--
INFO: Run Behavior\ContentReplaceBehavior [ RunTime:0.000026s ]
INFO: [ template_filter ] --END-- [ RunTime:0.000061s ]
NOTIC: [2] file_put_contents(./Apps/Runtime/Cache/Home/b4d6f8b7423df441a9a7eab332c4698a.php): failed to open stream: Permission denied /data/www/web/ThinkPHP/Library/Think/Storage/Driver/File.class.php 第 47 行.
ERR: _STORAGE_WRITE_ERROR_:./Apps/Runtime/Cache/Home/b4d6f8b7423df441a9a7eab332c4698a.php
NOTIC: [2] Cannot modify header information - headers already sent by (output started at /data/www/web/ThinkPHP/Library/Think/View.class.php:95) /data/www/web/ThinkPHP/Library/Think/Think.class.php 第 229 行.
NOTIC: [2] Cannot modify header information - headers already sent by (output started at /data/www/web/ThinkPHP/Library/Think/View.class.php:95) /data/www/web/ThinkPHP/Library/Think/Think.class.php 第 230 行.

[ 2015-12-12T02:13:46+08:00 ] 130.208.2.4 /home.asp
INFO: [ app_init ] --START--
INFO: Run Behavior\BuildLiteBehavior [ RunTime:0.000010s ]
INFO: [ app_init ] --END-- [ RunTime:0.000260s ]
INFO: [ app_begin ] --START--
INFO: Run Behavior\ReadHtmlCacheBehavior [ RunTime:0.000259s ]
INFO: [ app_begin ] --END-- [ RunTime:0.000284s ]
INFO: [ view_parse ] --START--
INFO: Run Behavior\ParseTemplateBehavior [ RunTime:0.000118s ]
INFO: [ view_parse ] --END-- [ RunTime:0.000144s ]
INFO: [ view_filter ] --START--
INFO: Run Behavior\WriteHtmlCacheBehavior [ RunTime:0.000082s ]
INFO: [ view_filter ] --END-- [ RunTime:0.000102s ]
SQL: SHOW COLUMNS FROM `blog_user` [ RunTime:0.0007s ]
INFO: [ view_parse ] --START--
INFO: [ template_filter ] --START--
INFO: Run Behavior\ContentReplaceBehavior [ RunTime:0.000029s ]
INFO: [ template_filter ] --END-- [ RunTime:0.000114s ]
NOTIC: [2] file_put_contents(./Apps/Runtime/Cache/Home/b4d6f8b7423df441a9a7eab332c4698a.php): failed to open stream: Permission denied /data/www/web/ThinkPHP/Library/Think/Storage/Driver/File.class.php 第 47 行.
ERR: _STORAGE_WRITE_ERROR_:./Apps/Runtime/Cache/Home/b4d6f8b7423df441a9a7eab332c4698a.php
NOTIC: [2] Cannot modify header information - headers already sent by (output started at /data/www/web/ThinkPHP/Library/Think/View.class.php:95) /data/www/web/ThinkPHP/Library/Think/Think.class.php 第 229 行.
NOTIC: [2] Cannot modify header information - headers already sent by (output started at /data/www/web/ThinkPHP/Library/Think/View.class.php:95) /data/www/web/ThinkPHP/Library/Think/Think.class.php 第 230 行.

[ 2015-12-12T02:53:33+08:00 ] 128.232.110.29 /
INFO: [ app_init ] --START--
INFO: Run Behavior\BuildLiteBehavior [ RunTime:0.000010s ]
INFO: [ app_init ] --END-- [ RunTime:0.000213s ]
INFO: [ app_begin ] --START--
INFO: Run Behavior\ReadHtmlCacheBehavior [ RunTime:0.000254s ]
INFO: [ app_begin ] --END-- [ RunTime:0.000282s ]
INFO: [ view_parse ] --START--
INFO: Run Behavior\ParseTemplateBehavior [ RunTime:0.000070s ]
INFO: [ view_parse ] --END-- [ RunTime:0.000096s ]
INFO: [ view_filter ] --START--
INFO: Run Behavior\WriteHtmlCacheBehavior [ RunTime:0.000079s ]
INFO: [ view_filter ] --END-- [ RunTime:0.000099s ]
SQL: SHOW COLUMNS FROM `blog_user` [ RunTime:0.0006s ]
INFO: [ view_parse ] --START--
INFO: [ template_filter ] --START--
INFO: Run Behavior\ContentReplaceBehavior [ RunTime:0.000019s ]
INFO: [ template_filter ] --END-- [ RunTime:0.000046s ]
NOTIC: [2] file_put_contents(./Apps/Runtime/Cache/Home/b4d6f8b7423df441a9a7eab332c4698a.php): failed to open stream: Permission denied /data/www/web/ThinkPHP/Library/Think/Storage/Driver/File.class.php 第 47 行.
ERR: _STORAGE_WRITE_ERROR_:./Apps/Runtime/Cache/Home/b4d6f8b7423df441a9a7eab332c4698a.php
NOTIC: [2] Cannot modify header information - headers already sent by (output started at /data/www/web/ThinkPHP/Library/Think/View.class.php:95) /data/www/web/ThinkPHP/Library/Think/Think.class.php 第 229 行.
NOTIC: [2] Cannot modify header information - headers already sent by (output started at /data/www/web/ThinkPHP/Library/Think/View.class.php:95) /data/www/web/ThinkPHP/Library/Think/Think.class.php 第 230 行.

[ 2015-12-12T03:06:27+08:00 ] 121.42.0.35 /
INFO: [ app_init ] --START--
INFO: Run Behavior\BuildLiteBehavior [ RunTime:0.000010s ]
INFO: [ app_init ] --END-- [ RunTime:0.000272s ]
INFO: [ app_begin ] --START--
INFO: Run Behavior\ReadHtmlCacheBehavior [ RunTime:0.000263s ]
INFO: [ app_begin ] --END-- [ RunTime:0.000289s ]
INFO: [ view_parse ] --START--
INFO: Run Behavior\ParseTemplateBehavior [ RunTime:0.000120s ]
INFO: [ view_parse ] --END-- [ RunTime:0.000147s ]
INFO: [ view_filter ] --START--
INFO: Run Behavior\WriteHtmlCacheBehavior [ RunTime:0.000081s ]
INFO: [ view_filter ] --END-- [ RunTime:0.000102s ]
SQL: SHOW COLUMNS FROM `blog_user` [ RunTime:0.0006s ]
INFO: [ view_parse ] --START--
INFO: [ template_filter ] --START--
INFO: Run Behavior\ContentReplaceBehavior [ RunTime:0.000025s ]
INFO: [ template_filter ] --END-- [ RunTime:0.000054s ]
NOTIC: [2] file_put_contents(./Apps/Runtime/Cache/Home/b4d6f8b7423df441a9a7eab332c4698a.php): failed to open stream: Permission denied /data/www/web/ThinkPHP/Library/Think/Storage/Driver/File.class.php 第 47 行.
ERR: _STORAGE_WRITE_ERROR_:./Apps/Runtime/Cache/Home/b4d6f8b7423df441a9a7eab332c4698a.php
NOTIC: [2] Cannot modify header information - headers already sent by (output started at /data/www/web/ThinkPHP/Library/Think/View.class.php:95) /data/www/web/ThinkPHP/Library/Think/Think.class.php 第 229 行.
NOTIC: [2] Cannot modify header information - headers already sent by (output started at /data/www/web/ThinkPHP/Library/Think/View.class.php:95) /data/www/web/ThinkPHP/Library/Think/Think.class.php 第 230 行.

[ 2015-12-12T04:40:38+08:00 ] 121.42.0.34 /
INFO: [ app_init ] --START--
INFO: Run Behavior\BuildLiteBehavior [ RunTime:0.000009s ]
INFO: [ app_init ] --END-- [ RunTime:0.000210s ]
INFO: [ app_begin ] --START--
INFO: Run Behavior\ReadHtmlCacheBehavior [ RunTime:0.000306s ]
INFO: [ app_begin ] --END-- [ RunTime:0.000332s ]
INFO: [ view_parse ] --START--
INFO: Run Behavior\ParseTemplateBehavior [ RunTime:0.000069s ]
INFO: [ view_parse ] --END-- [ RunTime:0.000094s ]
INFO: [ view_filter ] --START--
INFO: Run Behavior\WriteHtmlCacheBehavior [ RunTime:0.000079s ]
INFO: [ view_filter ] --END-- [ RunTime:0.000099s ]
SQL: SHOW COLUMNS FROM `blog_user` [ RunTime:0.0006s ]
INFO: [ view_parse ] --START--
INFO: [ template_filter ] --START--
INFO: Run Behavior\ContentReplaceBehavior [ RunTime:0.000019s ]
INFO: [ template_filter ] --END-- [ RunTime:0.000045s ]
NOTIC: [2] file_put_contents(./Apps/Runtime/Cache/Home/b4d6f8b7423df441a9a7eab332c4698a.php): failed to open stream: Permission denied /data/www/web/ThinkPHP/Library/Think/Storage/Driver/File.class.php 第 47 行.
ERR: _STORAGE_WRITE_ERROR_:./Apps/Runtime/Cache/Home/b4d6f8b7423df441a9a7eab332c4698a.php
NOTIC: [2] Cannot modify header information - headers already sent by (output started at /data/www/web/ThinkPHP/Library/Think/View.class.php:95) /data/www/web/ThinkPHP/Library/Think/Think.class.php 第 229 行.
NOTIC: [2] Cannot modify header information - headers already sent by (output started at /data/www/web/ThinkPHP/Library/Think/View.class.php:95) /data/www/web/ThinkPHP/Library/Think/Think.class.php 第 230 行.

[ 2015-12-12T05:39:17+08:00 ] 101.200.126.60 /
INFO: [ app_init ] --START--
INFO: Run Behavior\BuildLiteBehavior [ RunTime:0.000010s ]
INFO: [ app_init ] --END-- [ RunTime:0.000232s ]
INFO: [ app_begin ] --START--
INFO: Run Behavior\ReadHtmlCacheBehavior [ RunTime:0.000318s ]
INFO: [ app_begin ] --END-- [ RunTime:0.000349s ]
INFO: [ view_parse ] --START--
INFO: Run Behavior\ParseTemplateBehavior [ RunTime:0.000078s ]
INFO: [ view_parse ] --END-- [ RunTime:0.000104s ]
INFO: [ view_filter ] --START--
INFO: Run Behavior\WriteHtmlCacheBehavior [ RunTime:0.000093s ]
INFO: [ view_filter ] --END-- [ RunTime:0.000113s ]
SQL: SHOW COLUMNS FROM `blog_user` [ RunTime:0.0007s ]
INFO: [ view_parse ] --START--
INFO: [ template_filter ] --START--
INFO: Run Behavior\ContentReplaceBehavior [ RunTime:0.000027s ]
INFO: [ template_filter ] --END-- [ RunTime:0.000098s ]
NOTIC: [2] file_put_contents(./Apps/Runtime/Cache/Home/b4d6f8b7423df441a9a7eab332c4698a.php): failed to open stream: Permission denied /data/www/web/ThinkPHP/Library/Think/Storage/Driver/File.class.php 第 47 行.
ERR: _STORAGE_WRITE_ERROR_:./Apps/Runtime/Cache/Home/b4d6f8b7423df441a9a7eab332c4698a.php
NOTIC: [2] Cannot modify header information - headers already sent by (output started at /data/www/web/ThinkPHP/Library/Think/View.class.php:95) /data/www/web/ThinkPHP/Library/Think/Think.class.php 第 229 行.
NOTIC: [2] Cannot modify header information - headers already sent by (output started at /data/www/web/ThinkPHP/Library/Think/View.class.php:95) /data/www/web/ThinkPHP/Library/Think/Think.class.php 第 230 行.

[ 2015-12-12T08:12:24+08:00 ] 180.111.97.59 /
INFO: [ app_init ] --START--
INFO: Run Behavior\BuildLiteBehavior [ RunTime:0.000009s ]
INFO: [ app_init ] --END-- [ RunTime:0.000213s ]
INFO: [ app_begin ] --START--
INFO: Run Behavior\ReadHtmlCacheBehavior [ RunTime:0.000265s ]
INFO: [ app_begin ] --END-- [ RunTime:0.000291s ]
INFO: [ view_parse ] --START--
INFO: Run Behavior\ParseTemplateBehavior [ RunTime:0.000070s ]
INFO: [ view_parse ] --END-- [ RunTime:0.000095s ]
INFO: [ view_filter ] --START--
INFO: Run Behavior\WriteHtmlCacheBehavior [ RunTime:0.000079s ]
INFO: [ view_filter ] --END-- [ RunTime:0.000099s ]
SQL: SHOW COLUMNS FROM `blog_user` [ RunTime:0.0006s ]
INFO: [ view_parse ] --START--
INFO: [ template_filter ] --START--
INFO: Run Behavior\ContentReplaceBehavior [ RunTime:0.000025s ]
INFO: [ template_filter ] --END-- [ RunTime:0.000058s ]
NOTIC: [2] file_put_contents(./Apps/Runtime/Cache/Home/b4d6f8b7423df441a9a7eab332c4698a.php): failed to open stream: Permission denied /data/www/web/ThinkPHP/Library/Think/Storage/Driver/File.class.php 第 47 行.
ERR: _STORAGE_WRITE_ERROR_:./Apps/Runtime/Cache/Home/b4d6f8b7423df441a9a7eab332c4698a.php
NOTIC: [2] Cannot modify header information - headers already sent by (output started at /data/www/web/ThinkPHP/Library/Think/View.class.php:95) /data/www/web/ThinkPHP/Library/Think/Think.class.php 第 229 行.
NOTIC: [2] Cannot modify header information - headers already sent by (output started at /data/www/web/ThinkPHP/Library/Think/View.class.php:95) /data/www/web/ThinkPHP/Library/Think/Think.class.php 第 230 行.

[ 2015-12-12T08:39:42+08:00 ] 104.148.44.116 /
INFO: [ app_init ] --START--
INFO: Run Behavior\BuildLiteBehavior [ RunTime:0.000009s ]
INFO: [ app_init ] --END-- [ RunTime:0.000216s ]
INFO: [ app_begin ] --START--
INFO: Run Behavior\ReadHtmlCacheBehavior [ RunTime:0.000295s ]
INFO: [ app_begin ] --END-- [ RunTime:0.000326s ]
INFO: [ view_parse ] --START--
INFO: Run Behavior\ParseTemplateBehavior [ RunTime:0.000070s ]
INFO: [ view_parse ] --END-- [ RunTime:0.000095s ]
INFO: [ view_filter ] --START--
INFO: Run Behavior\WriteHtmlCacheBehavior [ RunTime:0.000087s ]
INFO: [ view_filter ] --END-- [ RunTime:0.000205s ]
SQL: SHOW COLUMNS FROM `blog_user` [ RunTime:0.0007s ]
INFO: [ view_parse ] --START--
INFO: [ template_filter ] --START--
INFO: Run Behavior\ContentReplaceBehavior [ RunTime:0.000022s ]
INFO: [ template_filter ] --END-- [ RunTime:0.000051s ]
NOTIC: [2] file_put_contents(./Apps/Runtime/Cache/Home/b4d6f8b7423df441a9a7eab332c4698a.php): failed to open stream: Permission denied /data/www/web/ThinkPHP/Library/Think/Storage/Driver/File.class.php 第 47 行.
ERR: _STORAGE_WRITE_ERROR_:./Apps/Runtime/Cache/Home/b4d6f8b7423df441a9a7eab332c4698a.php
NOTIC: [2] Cannot modify header information - headers already sent by (output started at /data/www/web/ThinkPHP/Library/Think/View.class.php:95) /data/www/web/ThinkPHP/Library/Think/Think.class.php 第 229 行.
NOTIC: [2] Cannot modify header information - headers already sent by (output started at /data/www/web/ThinkPHP/Library/Think/View.class.php:95) /data/www/web/ThinkPHP/Library/Think/Think.class.php 第 230 行.

[ 2015-12-12T08:47:54+08:00 ] 130.208.2.4 /home.asp
INFO: [ app_init ] --START--
INFO: Run Behavior\BuildLiteBehavior [ RunTime:0.000009s ]
INFO: [ app_init ] --END-- [ RunTime:0.000224s ]
INFO: [ app_begin ] --START--
INFO: Run Behavior\ReadHtmlCacheBehavior [ RunTime:0.000252s ]
INFO: [ app_begin ] --END-- [ RunTime:0.000319s ]
INFO: [ view_parse ] --START--
INFO: Run Behavior\ParseTemplateBehavior [ RunTime:0.000070s ]
INFO: [ view_parse ] --END-- [ RunTime:0.000095s ]
INFO: [ view_filter ] --START--
INFO: Run Behavior\WriteHtmlCacheBehavior [ RunTime:0.000079s ]
INFO: [ view_filter ] --END-- [ RunTime:0.000099s ]
SQL: SHOW COLUMNS FROM `blog_user` [ RunTime:0.0007s ]
INFO: [ view_parse ] --START--
INFO: [ template_filter ] --START--
INFO: Run Behavior\ContentReplaceBehavior [ RunTime:0.000023s ]
INFO: [ template_filter ] --END-- [ RunTime:0.000051s ]
NOTIC: [2] file_put_contents(./Apps/Runtime/Cache/Home/b4d6f8b7423df441a9a7eab332c4698a.php): failed to open stream: Permission denied /data/www/web/ThinkPHP/Library/Think/Storage/Driver/File.class.php 第 47 行.
ERR: _STORAGE_WRITE_ERROR_:./Apps/Runtime/Cache/Home/b4d6f8b7423df441a9a7eab332c4698a.php
NOTIC: [2] Cannot modify header information - headers already sent by (output started at /data/www/web/ThinkPHP/Library/Think/View.class.php:95) /data/www/web/ThinkPHP/Library/Think/Think.class.php 第 229 行.
NOTIC: [2] Cannot modify header information - headers already sent by (output started at /data/www/web/ThinkPHP/Library/Think/View.class.php:95) /data/www/web/ThinkPHP/Library/Think/Think.class.php 第 230 行.

[ 2015-12-12T09:06:12+08:00 ] 46.148.18.122 /
INFO: [ app_init ] --START--
INFO: Run Behavior\BuildLiteBehavior [ RunTime:0.000010s ]
INFO: [ app_init ] --END-- [ RunTime:0.000216s ]
INFO: [ app_begin ] --START--
INFO: Run Behavior\ReadHtmlCacheBehavior [ RunTime:0.000260s ]
INFO: [ app_begin ] --END-- [ RunTime:0.000288s ]
INFO: [ view_parse ] --START--
INFO: Run Behavior\ParseTemplateBehavior [ RunTime:0.000073s ]
INFO: [ view_parse ] --END-- [ RunTime:0.000140s ]
INFO: [ view_filter ] --START--
INFO: Run Behavior\WriteHtmlCacheBehavior [ RunTime:0.000089s ]
INFO: [ view_filter ] --END-- [ RunTime:0.000111s ]
SQL: SHOW COLUMNS FROM `blog_user` [ RunTime:0.0006s ]
INFO: [ view_parse ] --START--
INFO: [ template_filter ] --START--
INFO: Run Behavior\ContentReplaceBehavior [ RunTime:0.000037s ]
INFO: [ template_filter ] --END-- [ RunTime:0.000100s ]
NOTIC: [2] file_put_contents(./Apps/Runtime/Cache/Home/b4d6f8b7423df441a9a7eab332c4698a.php): failed to open stream: Permission denied /data/www/web/ThinkPHP/Library/Think/Storage/Driver/File.class.php 第 47 行.
ERR: _STORAGE_WRITE_ERROR_:./Apps/Runtime/Cache/Home/b4d6f8b7423df441a9a7eab332c4698a.php
NOTIC: [2] Cannot modify header information - headers already sent by (output started at /data/www/web/ThinkPHP/Library/Think/View.class.php:95) /data/www/web/ThinkPHP/Library/Think/Think.class.php 第 229 行.
NOTIC: [2] Cannot modify header information - headers already sent by (output started at /data/www/web/ThinkPHP/Library/Think/View.class.php:95) /data/www/web/ThinkPHP/Library/Think/Think.class.php 第 230 行.

[ 2015-12-12T09:37:59+08:00 ] 54.153.32.246 /
INFO: [ app_init ] --START--
INFO: Run Behavior\BuildLiteBehavior [ RunTime:0.000010s ]
INFO: [ app_init ] --END-- [ RunTime:0.000217s ]
INFO: [ app_begin ] --START--
INFO: Run Behavior\ReadHtmlCacheBehavior [ RunTime:0.000301s ]
INFO: [ app_begin ] --END-- [ RunTime:0.000326s ]
INFO: [ view_parse ] --START--
INFO: Run Behavior\ParseTemplateBehavior [ RunTime:0.000079s ]
INFO: [ view_parse ] --END-- [ RunTime:0.000104s ]
INFO: [ view_filter ] --START--
INFO: Run Behavior\WriteHtmlCacheBehavior [ RunTime:0.000080s ]
INFO: [ view_filter ] --END-- [ RunTime:0.000100s ]
SQL: SHOW COLUMNS FROM `blog_user` [ RunTime:0.0008s ]
INFO: [ view_parse ] --START--
INFO: [ template_filter ] --START--
INFO: Run Behavior\ContentReplaceBehavior [ RunTime:0.000026s ]
INFO: [ template_filter ] --END-- [ RunTime:0.000054s ]
NOTIC: [2] file_put_contents(./Apps/Runtime/Cache/Home/b4d6f8b7423df441a9a7eab332c4698a.php): failed to open stream: Permission denied /data/www/web/ThinkPHP/Library/Think/Storage/Driver/File.class.php 第 47 行.
ERR: _STORAGE_WRITE_ERROR_:./Apps/Runtime/Cache/Home/b4d6f8b7423df441a9a7eab332c4698a.php
NOTIC: [2] Cannot modify header information - headers already sent by (output started at /data/www/web/ThinkPHP/Library/Think/View.class.php:95) /data/www/web/ThinkPHP/Library/Think/Think.class.php 第 229 行.
NOTIC: [2] Cannot modify header information - headers already sent by (output started at /data/www/web/ThinkPHP/Library/Think/View.class.php:95) /data/www/web/ThinkPHP/Library/Think/Think.class.php 第 230 行.

[ 2015-12-12T12:18:18+08:00 ] 14.63.73.39 /
INFO: [ app_init ] --START--
INFO: Run Behavior\BuildLiteBehavior [ RunTime:0.000009s ]
INFO: [ app_init ] --END-- [ RunTime:0.000210s ]
INFO: [ app_begin ] --START--
INFO: Run Behavior\ReadHtmlCacheBehavior [ RunTime:0.000250s ]
INFO: [ app_begin ] --END-- [ RunTime:0.000276s ]
INFO: [ view_parse ] --START--
INFO: Run Behavior\ParseTemplateBehavior [ RunTime:0.000070s ]
INFO: [ view_parse ] --END-- [ RunTime:0.000095s ]
INFO: [ view_filter ] --START--
INFO: Run Behavior\WriteHtmlCacheBehavior [ RunTime:0.000080s ]
INFO: [ view_filter ] --END-- [ RunTime:0.000100s ]
SQL: SHOW COLUMNS FROM `blog_user` [ RunTime:0.0007s ]
INFO: [ view_parse ] --START--
INFO: [ template_filter ] --START--
INFO: Run Behavior\ContentReplaceBehavior [ RunTime:0.000022s ]
INFO: [ template_filter ] --END-- [ RunTime:0.000048s ]
NOTIC: [2] file_put_contents(./Apps/Runtime/Cache/Home/b4d6f8b7423df441a9a7eab332c4698a.php): failed to open stream: Permission denied /data/www/web/ThinkPHP/Library/Think/Storage/Driver/File.class.php 第 47 行.
ERR: _STORAGE_WRITE_ERROR_:./Apps/Runtime/Cache/Home/b4d6f8b7423df441a9a7eab332c4698a.php
NOTIC: [2] Cannot modify header information - headers already sent by (output started at /data/www/web/ThinkPHP/Library/Think/View.class.php:95) /data/www/web/ThinkPHP/Library/Think/Think.class.php 第 229 行.
NOTIC: [2] Cannot modify header information - headers already sent by (output started at /data/www/web/ThinkPHP/Library/Think/View.class.php:95) /data/www/web/ThinkPHP/Library/Think/Think.class.php 第 230 行.

[ 2015-12-12T13:32:05+08:00 ] 66.249.73.210 /
INFO: [ app_init ] --START--
INFO: Run Behavior\BuildLiteBehavior [ RunTime:0.000010s ]
INFO: [ app_init ] --END-- [ RunTime:0.000220s ]
INFO: [ app_begin ] --START--
INFO: Run Behavior\ReadHtmlCacheBehavior [ RunTime:0.000252s ]
INFO: [ app_begin ] --END-- [ RunTime:0.000278s ]
INFO: [ view_parse ] --START--
INFO: Run Behavior\ParseTemplateBehavior [ RunTime:0.000073s ]
INFO: [ view_parse ] --END-- [ RunTime:0.000099s ]
INFO: [ view_filter ] --START--
INFO: Run Behavior\WriteHtmlCacheBehavior [ RunTime:0.000083s ]
INFO: [ view_filter ] --END-- [ RunTime:0.000103s ]
SQL: SHOW COLUMNS FROM `blog_user` [ RunTime:0.0007s ]
INFO: [ view_parse ] --START--
INFO: [ template_filter ] --START--
INFO: Run Behavior\ContentReplaceBehavior [ RunTime:0.000021s ]
INFO: [ template_filter ] --END-- [ RunTime:0.000047s ]
NOTIC: [2] file_put_contents(./Apps/Runtime/Cache/Home/b4d6f8b7423df441a9a7eab332c4698a.php): failed to open stream: Permission denied /data/www/web/ThinkPHP/Library/Think/Storage/Driver/File.class.php 第 47 行.
ERR: _STORAGE_WRITE_ERROR_:./Apps/Runtime/Cache/Home/b4d6f8b7423df441a9a7eab332c4698a.php
NOTIC: [2] Cannot modify header information - headers already sent by (output started at /data/www/web/ThinkPHP/Library/Think/View.class.php:95) /data/www/web/ThinkPHP/Library/Think/Think.class.php 第 229 行.
NOTIC: [2] Cannot modify header information - headers already sent by (output started at /data/www/web/ThinkPHP/Library/Think/View.class.php:95) /data/www/web/ThinkPHP/Library/Think/Think.class.php 第 230 行.

[ 2015-12-12T17:33:45+08:00 ] 123.151.42.61 /
INFO: [ app_init ] --START--
INFO: Run Behavior\BuildLiteBehavior [ RunTime:0.000009s ]
INFO: [ app_init ] --END-- [ RunTime:0.000216s ]
INFO: [ app_begin ] --START--
INFO: Run Behavior\ReadHtmlCacheBehavior [ RunTime:0.000266s ]
INFO: [ app_begin ] --END-- [ RunTime:0.000292s ]
INFO: [ view_parse ] --START--
INFO: Run Behavior\ParseTemplateBehavior [ RunTime:0.000074s ]
INFO: [ view_parse ] --END-- [ RunTime:0.000099s ]
INFO: [ view_filter ] --START--
INFO: Run Behavior\WriteHtmlCacheBehavior [ RunTime:0.000085s ]
INFO: [ view_filter ] --END-- [ RunTime:0.000105s ]
SQL: SHOW COLUMNS FROM `blog_user` [ RunTime:0.0006s ]
INFO: [ view_parse ] --START--
INFO: [ template_filter ] --START--
INFO: Run Behavior\ContentReplaceBehavior [ RunTime:0.000020s ]
INFO: [ template_filter ] --END-- [ RunTime:0.000047s ]
NOTIC: [2] file_put_contents(./Apps/Runtime/Cache/Home/b4d6f8b7423df441a9a7eab332c4698a.php): failed to open stream: Permission denied /data/www/web/ThinkPHP/Library/Think/Storage/Driver/File.class.php 第 47 行.
ERR: _STORAGE_WRITE_ERROR_:./Apps/Runtime/Cache/Home/b4d6f8b7423df441a9a7eab332c4698a.php
NOTIC: [2] Cannot modify header information - headers already sent by (output started at /data/www/web/ThinkPHP/Library/Think/View.class.php:95) /data/www/web/ThinkPHP/Library/Think/Think.class.php 第 229 行.
NOTIC: [2] Cannot modify header information - headers already sent by (output started at /data/www/web/ThinkPHP/Library/Think/View.class.php:95) /data/www/web/ThinkPHP/Library/Think/Think.class.php 第 230 行.

[ 2015-12-12T21:03:21+08:00 ] 96.57.116.226 /
INFO: [ app_init ] --START--
INFO: Run Behavior\BuildLiteBehavior [ RunTime:0.000012s ]
INFO: [ app_init ] --END-- [ RunTime:0.000236s ]
INFO: [ app_begin ] --START--
INFO: Run Behavior\ReadHtmlCacheBehavior [ RunTime:0.000253s ]
INFO: [ app_begin ] --END-- [ RunTime:0.000284s ]
INFO: [ view_parse ] --START--
INFO: Run Behavior\ParseTemplateBehavior [ RunTime:0.000075s ]
INFO: [ view_parse ] --END-- [ RunTime:0.000100s ]
INFO: [ view_filter ] --START--
INFO: Run Behavior\WriteHtmlCacheBehavior [ RunTime:0.000088s ]
INFO: [ view_filter ] --END-- [ RunTime:0.000107s ]
SQL: SHOW COLUMNS FROM `blog_user` [ RunTime:0.0006s ]
INFO: [ view_parse ] --START--
INFO: [ template_filter ] --START--
INFO: Run Behavior\ContentReplaceBehavior [ RunTime:0.000019s ]
INFO: [ template_filter ] --END-- [ RunTime:0.000047s ]
NOTIC: [2] file_put_contents(./Apps/Runtime/Cache/Home/b4d6f8b7423df441a9a7eab332c4698a.php): failed to open stream: Permission denied /data/www/web/ThinkPHP/Library/Think/Storage/Driver/File.class.php 第 47 行.
ERR: _STORAGE_WRITE_ERROR_:./Apps/Runtime/Cache/Home/b4d6f8b7423df441a9a7eab332c4698a.php
NOTIC: [2] Cannot modify header information - headers already sent by (output started at /data/www/web/ThinkPHP/Library/Think/View.class.php:95) /data/www/web/ThinkPHP/Library/Think/Think.class.php 第 229 行.
NOTIC: [2] Cannot modify header information - headers already sent by (output started at /data/www/web/ThinkPHP/Library/Think/View.class.php:95) /data/www/web/ThinkPHP/Library/Think/Think.class.php 第 230 行.

[ 2015-12-12T21:49:17+08:00 ] 125.34.128.213 /
INFO: [ app_init ] --START--
INFO: Run Behavior\BuildLiteBehavior [ RunTime:0.000013s ]
INFO: [ app_init ] --END-- [ RunTime:0.000308s ]
INFO: [ app_begin ] --START--
INFO: Run Behavior\ReadHtmlCacheBehavior [ RunTime:0.000260s ]
INFO: [ app_begin ] --END-- [ RunTime:0.000287s ]
INFO: [ view_parse ] --START--
INFO: Run Behavior\ParseTemplateBehavior [ RunTime:0.000073s ]
INFO: [ view_parse ] --END-- [ RunTime:0.000098s ]
INFO: [ view_filter ] --START--
INFO: Run Behavior\WriteHtmlCacheBehavior [ RunTime:0.000084s ]
INFO: [ view_filter ] --END-- [ RunTime:0.000106s ]
SQL: SHOW COLUMNS FROM `blog_user` [ RunTime:0.0007s ]
INFO: [ view_parse ] --START--
INFO: [ template_filter ] --START--
INFO: Run Behavior\ContentReplaceBehavior [ RunTime:0.000025s ]
INFO: [ template_filter ] --END-- [ RunTime:0.000053s ]
NOTIC: [2] file_put_contents(./Apps/Runtime/Cache/Home/b4d6f8b7423df441a9a7eab332c4698a.php): failed to open stream: Permission denied /data/www/web/ThinkPHP/Library/Think/Storage/Driver/File.class.php 第 47 行.
ERR: _STORAGE_WRITE_ERROR_:./Apps/Runtime/Cache/Home/b4d6f8b7423df441a9a7eab332c4698a.php
NOTIC: [2] Cannot modify header information - headers already sent by (output started at /data/www/web/ThinkPHP/Library/Think/View.class.php:95) /data/www/web/ThinkPHP/Library/Think/Think.class.php 第 229 行.
NOTIC: [2] Cannot modify header information - headers already sent by (output started at /data/www/web/ThinkPHP/Library/Think/View.class.php:95) /data/www/web/ThinkPHP/Library/Think/Think.class.php 第 230 行.

