[ 2015-12-07T14:41:13+08:00 ] 119.123.183.143 /maggie/hpp/html
INFO: [ app_init ] --START--
INFO: Run Behavior\BuildLiteBehavior [ RunTime:0.000009s ]
INFO: [ app_init ] --END-- [ RunTime:0.000213s ]
ERR: 无法加载模块:Maggie

[ 2015-12-07T14:41:46+08:00 ] 119.123.183.143 /login.html
INFO: [ app_init ] --START--
INFO: Run Behavior\BuildLiteBehavior [ RunTime:0.000009s ]
INFO: [ app_init ] --END-- [ RunTime:0.000220s ]
ERR: 无法加载模块:Login

[ 2015-12-07T14:54:42+08:00 ] 218.17.231.165 /home%E3%80%82html
INFO: [ app_init ] --START--
INFO: Run Behavior\BuildLiteBehavior [ RunTime:0.000009s ]
INFO: [ app_init ] --END-- [ RunTime:0.000236s ]
ERR: 无法加载模块:Home。html
NOTIC: [2] include(./App/Tpl/Public/error.html): failed to open stream: No such file or directory /data/www/web/ThinkPHP/Library/Think/Think.class.php 第 314 行.
NOTIC: [2] include(): Failed opening './App/Tpl/Public/error.html' for inclusion (include_path='.:/usr/local/lib/php') /data/www/web/ThinkPHP/Library/Think/Think.class.php 第 314 行.

[ 2015-12-07T15:11:16+08:00 ] 218.17.231.165 /hom
INFO: [ app_init ] --START--
INFO: Run Behavior\BuildLiteBehavior [ RunTime:0.000010s ]
INFO: [ app_init ] --END-- [ RunTime:0.000218s ]
ERR: 无法加载模块:Hom

[ 2015-12-07T15:11:21+08:00 ] 218.17.231.165 /a
INFO: [ app_init ] --START--
INFO: Run Behavior\BuildLiteBehavior [ RunTime:0.000010s ]
INFO: [ app_init ] --END-- [ RunTime:0.000250s ]
ERR: 无法加载模块:A

[ 2015-12-07T15:13:24+08:00 ] 218.17.231.165 /a
INFO: [ app_init ] --START--
INFO: Run Behavior\BuildLiteBehavior [ RunTime:0.000010s ]
INFO: [ app_init ] --END-- [ RunTime:0.000225s ]
ERR: 无法加载模块:A

[ 2015-12-07T15:13:25+08:00 ] 218.17.231.165 /a
INFO: [ app_init ] --START--
INFO: Run Behavior\BuildLiteBehavior [ RunTime:0.000012s ]
INFO: [ app_init ] --END-- [ RunTime:0.000349s ]
ERR: 无法加载模块:A

[ 2015-12-07T15:13:25+08:00 ] 218.17.231.165 /a
INFO: [ app_init ] --START--
INFO: Run Behavior\BuildLiteBehavior [ RunTime:0.000009s ]
INFO: [ app_init ] --END-- [ RunTime:0.000212s ]
ERR: 无法加载模块:A

[ 2015-12-07T15:13:25+08:00 ] 218.17.231.165 /a
INFO: [ app_init ] --START--
INFO: Run Behavior\BuildLiteBehavior [ RunTime:0.000009s ]
INFO: [ app_init ] --END-- [ RunTime:0.000217s ]
ERR: 无法加载模块:A

[ 2015-12-07T15:13:25+08:00 ] 218.17.231.165 /a
INFO: [ app_init ] --START--
INFO: Run Behavior\BuildLiteBehavior [ RunTime:0.000009s ]
INFO: [ app_init ] --END-- [ RunTime:0.000257s ]
ERR: 无法加载模块:A

[ 2015-12-07T15:13:40+08:00 ] 218.17.231.165 /homes.html
INFO: [ app_init ] --START--
INFO: Run Behavior\BuildLiteBehavior [ RunTime:0.000010s ]
INFO: [ app_init ] --END-- [ RunTime:0.000209s ]
ERR: 无法加载模块:Homes

[ 2015-12-07T15:20:58+08:00 ] 218.17.231.165 /login/login
INFO: [ app_init ] --START--
INFO: Run Behavior\BuildLiteBehavior [ RunTime:0.000009s ]
INFO: [ app_init ] --END-- [ RunTime:0.000211s ]
ERR: 无法加载模块:Login

[ 2015-12-07T22:54:51+08:00 ] 183.60.244.46 /web/icc/
INFO: [ app_init ] --START--
INFO: Run Behavior\BuildLiteBehavior [ RunTime:0.000009s ]
INFO: [ app_init ] --END-- [ RunTime:0.000228s ]
ERR: 无法加载模块:Web

