[ 2016-01-01T01:14:47+08:00 ] 66.249.66.175 /robots.txt
INFO: [ app_init ] --START--
INFO: Run Behavior\BuildLiteBehavior [ RunTime:0.000010s ]
INFO: [ app_init ] --END-- [ RunTime:0.000069s ]
ERR: 无法加载模块:Robots

[ 2016-01-01T13:42:39+08:00 ] 115.230.124.164 /cgi-bin/common/attr?id=260714&r=0.0253426237630137
INFO: [ app_init ] --START--
INFO: Run Behavior\BuildLiteBehavior [ RunTime:0.000009s ]
INFO: [ app_init ] --END-- [ RunTime:0.000064s ]
ERR: 无法加载模块:Cgi-bin

[ 2016-01-01T14:55:13+08:00 ] 115.230.124.164 /cgi-bin/common/attr?id=260714&r=0.7774594233008763
INFO: [ app_init ] --START--
INFO: Run Behavior\BuildLiteBehavior [ RunTime:0.000009s ]
INFO: [ app_init ] --END-- [ RunTime:0.000084s ]
ERR: 无法加载模块:Cgi-bin

[ 2016-01-01T14:55:37+08:00 ] 123.125.71.109 /robots.txt
INFO: [ app_init ] --START--
INFO: Run Behavior\BuildLiteBehavior [ RunTime:0.000009s ]
INFO: [ app_init ] --END-- [ RunTime:0.000065s ]
ERR: 无法加载模块:Robots

[ 2016-01-01T20:05:09+08:00 ] 185.130.5.224 /server-status?HTTP_POST=%"%6346#%#/&#736%"#423|;&HTTP_CGI_GET=GRESYYK"K&J"#L523D2G23H23
INFO: [ app_init ] --START--
INFO: Run Behavior\BuildLiteBehavior [ RunTime:0.000009s ]
INFO: [ app_init ] --END-- [ RunTime:0.000064s ]
ERR: 无法加载模块:Server-status

[ 2016-01-01T21:19:20+08:00 ] 115.230.124.164 /cgi-bin/common/attr?id=260714&r=0.8645710122290406
INFO: [ app_init ] --START--
INFO: Run Behavior\BuildLiteBehavior [ RunTime:0.000009s ]
INFO: [ app_init ] --END-- [ RunTime:0.000066s ]
ERR: 无法加载模块:Cgi-bin

[ 2016-01-01T22:31:54+08:00 ] 185.130.5.224 /server-status?HTTP_POST=%"%6346#%#/&#736%"#423|;&HTTP_CGI_GET=GRESYYK"K&J"#L523D2G23H23
INFO: [ app_init ] --START--
INFO: Run Behavior\BuildLiteBehavior [ RunTime:0.000008s ]
INFO: [ app_init ] --END-- [ RunTime:0.000062s ]
ERR: 无法加载模块:Server-status

[ 2016-01-01T22:35:42+08:00 ] 115.230.124.164 /cgi-bin/common/attr?id=260714&r=0.1218376598521230
INFO: [ app_init ] --START--
INFO: Run Behavior\BuildLiteBehavior [ RunTime:0.000013s ]
INFO: [ app_init ] --END-- [ RunTime:0.000099s ]
ERR: 无法加载模块:Cgi-bin

