[ 2016-01-02T00:06:46+08:00 ] 185.130.5.224 /server-status?HTTP_POST=%"%6346#%#/&#736%"#423|;&HTTP_CGI_GET=GRESYYK"K&J"#L523D2G23H23
INFO: [ app_init ] --START--
INFO: Run Behavior\BuildLiteBehavior [ RunTime:0.000010s ]
INFO: [ app_init ] --END-- [ RunTime:0.000066s ]
ERR: 无法加载模块:Server-status

[ 2016-01-02T00:48:54+08:00 ] 106.120.173.156 /robots.txt
INFO: [ app_init ] --START--
INFO: Run Behavior\BuildLiteBehavior [ RunTime:0.000009s ]
INFO: [ app_init ] --END-- [ RunTime:0.000067s ]
ERR: 无法加载模块:Robots

[ 2016-01-02T01:55:07+08:00 ] 185.130.5.224 /server-status?HTTP_POST=%"%6346#%#/&#736%"#423|;&HTTP_CGI_GET=GRESYYK"K&J"#L523D2G23H23
INFO: [ app_init ] --START--
INFO: Run Behavior\BuildLiteBehavior [ RunTime:0.000009s ]
INFO: [ app_init ] --END-- [ RunTime:0.000062s ]
ERR: 无法加载模块:Server-status

[ 2016-01-02T02:56:52+08:00 ] 123.125.71.90 /robots.txt
INFO: [ app_init ] --START--
INFO: Run Behavior\BuildLiteBehavior [ RunTime:0.000009s ]
INFO: [ app_init ] --END-- [ RunTime:0.000065s ]
ERR: 无法加载模块:Robots

[ 2016-01-02T03:26:55+08:00 ] 185.130.5.224 /server-status?HTTP_POST=%"%6346#%#/&#736%"#423|;&HTTP_CGI_GET=GRESYYK"K&J"#L523D2G23H23
INFO: [ app_init ] --START--
INFO: Run Behavior\BuildLiteBehavior [ RunTime:0.000008s ]
INFO: [ app_init ] --END-- [ RunTime:0.000063s ]
ERR: 无法加载模块:Server-status

[ 2016-01-02T06:10:49+08:00 ] 185.130.5.224 /server-status?HTTP_POST=%"%6346#%#/&#736%"#423|;&HTTP_CGI_GET=GRESYYK"K&J"#L523D2G23H23
INFO: [ app_init ] --START--
INFO: Run Behavior\BuildLiteBehavior [ RunTime:0.000009s ]
INFO: [ app_init ] --END-- [ RunTime:0.000063s ]
ERR: 无法加载模块:Server-status

[ 2016-01-02T07:29:19+08:00 ] 185.130.5.224 /server-status?HTTP_POST=%"%6346#%#/&#736%"#423|;&HTTP_CGI_GET=GRESYYK"K&J"#L523D2G23H23
INFO: [ app_init ] --START--
INFO: Run Behavior\BuildLiteBehavior [ RunTime:0.000009s ]
INFO: [ app_init ] --END-- [ RunTime:0.000080s ]
ERR: 无法加载模块:Server-status

[ 2016-01-02T08:36:17+08:00 ] 185.130.5.224 /server-status?HTTP_POST=%"%6346#%#/&#736%"#423|;&HTTP_CGI_GET=GRESYYK"K&J"#L523D2G23H23
INFO: [ app_init ] --START--
INFO: Run Behavior\BuildLiteBehavior [ RunTime:0.000008s ]
INFO: [ app_init ] --END-- [ RunTime:0.000065s ]
ERR: 无法加载模块:Server-status

[ 2016-01-02T10:29:30+08:00 ] 115.230.124.164 /cgi-bin/common/attr?id=260714&r=0.6858355950042271
INFO: [ app_init ] --START--
INFO: Run Behavior\BuildLiteBehavior [ RunTime:0.000009s ]
INFO: [ app_init ] --END-- [ RunTime:0.000065s ]
ERR: 无法加载模块:Cgi-bin

[ 2016-01-02T11:46:43+08:00 ] 185.130.5.224 /server-status?HTTP_POST=%"%6346#%#/&#736%"#423|;&HTTP_CGI_GET=GRESYYK"K&J"#L523D2G23H23
INFO: [ app_init ] --START--
INFO: Run Behavior\BuildLiteBehavior [ RunTime:0.000010s ]
INFO: [ app_init ] --END-- [ RunTime:0.000065s ]
ERR: 无法加载模块:Server-status

[ 2016-01-02T12:39:14+08:00 ] 192.99.107.172 /robots.txt
INFO: [ app_init ] --START--
INFO: Run Behavior\BuildLiteBehavior [ RunTime:0.000009s ]
INFO: [ app_init ] --END-- [ RunTime:0.000065s ]
ERR: 无法加载模块:Robots

[ 2016-01-02T13:20:18+08:00 ] 185.130.5.224 /server-status?HTTP_POST=%"%6346#%#/&#736%"#423|;&HTTP_CGI_GET=GRESYYK"K&J"#L523D2G23H23
INFO: [ app_init ] --START--
INFO: Run Behavior\BuildLiteBehavior [ RunTime:0.000010s ]
INFO: [ app_init ] --END-- [ RunTime:0.000068s ]
ERR: 无法加载模块:Server-status

[ 2016-01-02T14:05:15+08:00 ] 185.130.5.224 /server-status?HTTP_POST=%"%6346#%#/&#736%"#423|;&HTTP_CGI_GET=GRESYYK"K&J"#L523D2G23H23
INFO: [ app_init ] --START--
INFO: Run Behavior\BuildLiteBehavior [ RunTime:0.000009s ]
INFO: [ app_init ] --END-- [ RunTime:0.000089s ]
ERR: 无法加载模块:Server-status

[ 2016-01-02T16:48:26+08:00 ] 106.120.173.156 /robots.txt
INFO: [ app_init ] --START--
INFO: Run Behavior\BuildLiteBehavior [ RunTime:0.000008s ]
INFO: [ app_init ] --END-- [ RunTime:0.000068s ]
ERR: 无法加载模块:Robots

[ 2016-01-02T17:05:05+08:00 ] 185.130.5.224 /server-status?HTTP_POST=%"%6346#%#/&#736%"#423|;&HTTP_CGI_GET=GRESYYK"K&J"#L523D2G23H23
INFO: [ app_init ] --START--
INFO: Run Behavior\BuildLiteBehavior [ RunTime:0.000009s ]
INFO: [ app_init ] --END-- [ RunTime:0.000063s ]
ERR: 无法加载模块:Server-status

[ 2016-01-02T18:03:05+08:00 ] 66.249.73.218 /robots.txt
INFO: [ app_init ] --START--
INFO: Run Behavior\BuildLiteBehavior [ RunTime:0.000009s ]
INFO: [ app_init ] --END-- [ RunTime:0.000070s ]
ERR: 无法加载模块:Robots

[ 2016-01-02T18:45:00+08:00 ] 185.130.5.224 /server-status?HTTP_POST=%"%6346#%#/&#736%"#423|;&HTTP_CGI_GET=GRESYYK"K&J"#L523D2G23H23
INFO: [ app_init ] --START--
INFO: Run Behavior\BuildLiteBehavior [ RunTime:0.000009s ]
INFO: [ app_init ] --END-- [ RunTime:0.000064s ]
ERR: 无法加载模块:Server-status

[ 2016-01-02T20:07:26+08:00 ] 185.130.5.224 /server-status?HTTP_POST=%"%6346#%#/&#736%"#423|;&HTTP_CGI_GET=GRESYYK"K&J"#L523D2G23H23
INFO: [ app_init ] --START--
INFO: Run Behavior\BuildLiteBehavior [ RunTime:0.000012s ]
INFO: [ app_init ] --END-- [ RunTime:0.000109s ]
ERR: 无法加载模块:Server-status

[ 2016-01-02T20:50:15+08:00 ] 115.230.124.164 /cgi-bin/common/attr?id=260714&r=0.2142350646538901
INFO: [ app_init ] --START--
INFO: Run Behavior\BuildLiteBehavior [ RunTime:0.000008s ]
INFO: [ app_init ] --END-- [ RunTime:0.000064s ]
ERR: 无法加载模块:Cgi-bin

[ 2016-01-02T21:00:52+08:00 ] 185.130.5.224 /server-status?HTTP_POST=%"%6346#%#/&#736%"#423|;&HTTP_CGI_GET=GRESYYK"K&J"#L523D2G23H23
INFO: [ app_init ] --START--
INFO: Run Behavior\BuildLiteBehavior [ RunTime:0.000009s ]
INFO: [ app_init ] --END-- [ RunTime:0.000062s ]
ERR: 无法加载模块:Server-status

[ 2016-01-02T21:43:09+08:00 ] 66.249.65.98 /robots.txt
INFO: [ app_init ] --START--
INFO: Run Behavior\BuildLiteBehavior [ RunTime:0.000009s ]
INFO: [ app_init ] --END-- [ RunTime:0.000065s ]
ERR: 无法加载模块:Robots

