[ 2016-04-01T17:29:34+08:00 ] 217.160.7.183 /index.php/admin/
INFO: [ app_init ] --START--
INFO: Run Behavior\BuildLiteBehavior [ RunTime:0.000126s ]
INFO: [ app_init ] --END-- [ RunTime:0.000881s ]
ERR: 无法加载模块:Admin

[ 2016-04-01T17:29:35+08:00 ] 217.160.7.183 /index.php/superadmin/
INFO: [ app_init ] --START--
INFO: Run Behavior\BuildLiteBehavior [ RunTime:0.000124s ]
INFO: [ app_init ] --END-- [ RunTime:0.000778s ]
ERR: 无法加载模块:Superadmin

[ 2016-04-01T17:29:36+08:00 ] 217.160.7.183 /index.php/admin123/
INFO: [ app_init ] --START--
INFO: Run Behavior\BuildLiteBehavior [ RunTime:0.000173s ]
INFO: [ app_init ] --END-- [ RunTime:0.000875s ]
ERR: 无法加载模块:Admin123

[ 2016-04-01T17:29:37+08:00 ] 217.160.7.183 /index.php/shop/
INFO: [ app_init ] --START--
INFO: Run Behavior\BuildLiteBehavior [ RunTime:0.000156s ]
INFO: [ app_init ] --END-- [ RunTime:0.000845s ]
ERR: 无法加载模块:Shop

[ 2016-04-01T17:29:37+08:00 ] 217.160.7.183 /index.php/magento/
INFO: [ app_init ] --START--
INFO: Run Behavior\BuildLiteBehavior [ RunTime:0.000210s ]
INFO: [ app_init ] --END-- [ RunTime:0.000972s ]
ERR: 无法加载模块:Magento

[ 2016-04-01T17:29:38+08:00 ] 217.160.7.183 /index.php/admininstrator/
INFO: [ app_init ] --START--
INFO: Run Behavior\BuildLiteBehavior [ RunTime:0.000123s ]
INFO: [ app_init ] --END-- [ RunTime:0.000789s ]
ERR: 无法加载模块:Admininstrator

[ 2016-04-01T17:29:40+08:00 ] 217.160.7.183 /index.php/adminstore/
INFO: [ app_init ] --START--
INFO: Run Behavior\BuildLiteBehavior [ RunTime:0.000124s ]
INFO: [ app_init ] --END-- [ RunTime:0.000838s ]
ERR: 无法加载模块:Adminstore

[ 2016-04-01T17:29:41+08:00 ] 217.160.7.183 /index.php/LIESHOW/
INFO: [ app_init ] --START--
INFO: Run Behavior\BuildLiteBehavior [ RunTime:0.000124s ]
INFO: [ app_init ] --END-- [ RunTime:0.000839s ]
ERR: 无法加载模块:LIESHOW

