[ 2017-05-27T18:51:00+08:00 ] 140.205.225.192 /index.php?m=member&c=index&a=register&siteid=1
INFO: [ app_init ] --START--
INFO: Run Behavior\BuildLiteBehavior [ RunTime:0.000124s ]
INFO: [ app_init ] --END-- [ RunTime:0.000890s ]
ERR: 无法加载模块:Member

[ 2017-05-27T18:51:06+08:00 ] 140.205.225.192 /index.php?m=wap&a=index&siteid=1
INFO: [ app_init ] --START--
INFO: Run Behavior\BuildLiteBehavior [ RunTime:0.000124s ]
INFO: [ app_init ] --END-- [ RunTime:0.000803s ]
ERR: 无法加载模块:Wap

[ 2017-05-27T20:18:57+08:00 ] 140.205.225.199 /index.php?m=member&c=index&a=register&siteid=1
INFO: [ app_init ] --START--
INFO: Run Behavior\BuildLiteBehavior [ RunTime:0.000144s ]
INFO: [ app_init ] --END-- [ RunTime:0.000808s ]
ERR: 无法加载模块:Member

[ 2017-05-27T20:18:59+08:00 ] 140.205.225.199 /index.php?m=wap&a=index&siteid=1
INFO: [ app_init ] --START--
INFO: Run Behavior\BuildLiteBehavior [ RunTime:0.000125s ]
INFO: [ app_init ] --END-- [ RunTime:0.000826s ]
ERR: 无法加载模块:Wap

